{"total": {"lines":{"total":783,"covered":749,"skipped":0,"pct":95.65},"statements":{"total":814,"covered":773,"skipped":0,"pct":94.96},"functions":{"total":169,"covered":152,"skipped":0,"pct":89.94},"branches":{"total":428,"covered":330,"skipped":0,"pct":77.1},"branchesTrue":{"total":0,"covered":0,"skipped":0,"pct":100}}
,"/Users/herfortt/git/github.privat/twicemind/mucajey/mucajey-api/src/server/config.js": {"lines":{"total":6,"covered":6,"skipped":0,"pct":100},"functions":{"total":2,"covered":2,"skipped":0,"pct":100},"statements":{"total":6,"covered":6,"skipped":0,"pct":100},"branches":{"total":18,"covered":11,"skipped":0,"pct":61.11}}
,"/Users/herfortt/git/github.privat/twicemind/mucajey/mucajey-api/src/server/middleware/mongo/cache.card.js": {"lines":{"total":44,"covered":38,"skipped":0,"pct":86.36},"functions":{"total":19,"covered":13,"skipped":0,"pct":68.42},"statements":{"total":44,"covered":38,"skipped":0,"pct":86.36},"branches":{"total":10,"covered":8,"skipped":0,"pct":80}}
,"/Users/herfortt/git/github.privat/twicemind/mucajey/mucajey-api/src/server/middleware/mongo/cache.edition.js": {"lines":{"total":38,"covered":32,"skipped":0,"pct":84.21},"functions":{"total":15,"covered":10,"skipped":0,"pct":66.66},"statements":{"total":40,"covered":32,"skipped":0,"pct":80},"branches":{"total":13,"covered":7,"skipped":0,"pct":53.84}}
,"/Users/herfortt/git/github.privat/twicemind/mucajey/mucajey-api/src/server/middleware/mongo/cache.service.js": {"lines":{"total":41,"covered":41,"skipped":0,"pct":100},"functions":{"total":17,"covered":17,"skipped":0,"pct":100},"statements":{"total":41,"covered":41,"skipped":0,"pct":100},"branches":{"total":14,"covered":13,"skipped":0,"pct":92.85}}
,"/Users/herfortt/git/github.privat/twicemind/mucajey/mucajey-api/src/server/middleware/mongo/cache.user.js": {"lines":{"total":41,"covered":35,"skipped":0,"pct":85.36},"functions":{"total":17,"covered":11,"skipped":0,"pct":64.7},"statements":{"total":41,"covered":35,"skipped":0,"pct":85.36},"branches":{"total":14,"covered":13,"skipped":0,"pct":92.85}}
,"/Users/herfortt/git/github.privat/twicemind/mucajey/mucajey-api/src/server/middleware/mucajey/auth.js": {"lines":{"total":54,"covered":53,"skipped":0,"pct":98.14},"functions":{"total":13,"covered":13,"skipped":0,"pct":100},"statements":{"total":58,"covered":57,"skipped":0,"pct":98.27},"branches":{"total":14,"covered":12,"skipped":0,"pct":85.71}}
,"/Users/herfortt/git/github.privat/twicemind/mucajey/mucajey-api/src/server/middleware/passport/local.js": {"lines":{"total":7,"covered":7,"skipped":0,"pct":100},"functions":{"total":2,"covered":2,"skipped":0,"pct":100},"statements":{"total":7,"covered":7,"skipped":0,"pct":100},"branches":{"total":6,"covered":6,"skipped":0,"pct":100}}
,"/Users/herfortt/git/github.privat/twicemind/mucajey/mucajey-api/src/server/middleware/passport/strategy.api.js": {"lines":{"total":10,"covered":10,"skipped":0,"pct":100},"functions":{"total":2,"covered":2,"skipped":0,"pct":100},"statements":{"total":10,"covered":10,"skipped":0,"pct":100},"branches":{"total":2,"covered":2,"skipped":0,"pct":100}}
,"/Users/herfortt/git/github.privat/twicemind/mucajey/mucajey-api/src/server/middleware/passport/strategy.local.js": {"lines":{"total":20,"covered":20,"skipped":0,"pct":100},"functions":{"total":3,"covered":3,"skipped":0,"pct":100},"statements":{"total":20,"covered":20,"skipped":0,"pct":100},"branches":{"total":14,"covered":10,"skipped":0,"pct":71.42}}
,"/Users/herfortt/git/github.privat/twicemind/mucajey/mucajey-api/src/server/routes/health.js": {"lines":{"total":8,"covered":8,"skipped":0,"pct":100},"functions":{"total":1,"covered":1,"skipped":0,"pct":100},"statements":{"total":8,"covered":8,"skipped":0,"pct":100},"branches":{"total":0,"covered":0,"skipped":0,"pct":100}}
,"/Users/herfortt/git/github.privat/twicemind/mucajey/mucajey-api/src/server/routes/v2/auth.js": {"lines":{"total":100,"covered":95,"skipped":0,"pct":95},"functions":{"total":19,"covered":19,"skipped":0,"pct":100},"statements":{"total":108,"covered":102,"skipped":0,"pct":94.44},"branches":{"total":48,"covered":38,"skipped":0,"pct":79.16}}
,"/Users/herfortt/git/github.privat/twicemind/mucajey/mucajey-api/src/server/routes/v2/card.js": {"lines":{"total":177,"covered":177,"skipped":0,"pct":100},"functions":{"total":29,"covered":29,"skipped":0,"pct":100},"statements":{"total":185,"covered":185,"skipped":0,"pct":100},"branches":{"total":71,"covered":58,"skipped":0,"pct":81.69}}
,"/Users/herfortt/git/github.privat/twicemind/mucajey/mucajey-api/src/server/routes/v2/edition.js": {"lines":{"total":95,"covered":93,"skipped":0,"pct":97.89},"functions":{"total":11,"covered":11,"skipped":0,"pct":100},"statements":{"total":96,"covered":94,"skipped":0,"pct":97.91},"branches":{"total":56,"covered":42,"skipped":0,"pct":75}}
,"/Users/herfortt/git/github.privat/twicemind/mucajey/mucajey-api/src/server/routes/v2/login.js": {"lines":{"total":21,"covered":19,"skipped":0,"pct":90.47},"functions":{"total":6,"covered":6,"skipped":0,"pct":100},"statements":{"total":22,"covered":20,"skipped":0,"pct":90.9},"branches":{"total":12,"covered":9,"skipped":0,"pct":75}}
,"/Users/herfortt/git/github.privat/twicemind/mucajey/mucajey-api/src/server/routes/v2/register.js": {"lines":{"total":34,"covered":28,"skipped":0,"pct":82.35},"functions":{"total":2,"covered":2,"skipped":0,"pct":100},"statements":{"total":34,"covered":28,"skipped":0,"pct":82.35},"branches":{"total":25,"covered":14,"skipped":0,"pct":56}}
,"/Users/herfortt/git/github.privat/twicemind/mucajey/mucajey-api/src/server/routes/v2/stats.js": {"lines":{"total":45,"covered":45,"skipped":0,"pct":100},"functions":{"total":4,"covered":4,"skipped":0,"pct":100},"statements":{"total":52,"covered":48,"skipped":0,"pct":92.3},"branches":{"total":63,"covered":49,"skipped":0,"pct":77.77}}
,"/Users/herfortt/git/github.privat/twicemind/mucajey/mucajey-api/src/server/utils/client.mongo.js": {"lines":{"total":22,"covered":22,"skipped":0,"pct":100},"functions":{"total":3,"covered":3,"skipped":0,"pct":100},"statements":{"total":22,"covered":22,"skipped":0,"pct":100},"branches":{"total":25,"covered":19,"skipped":0,"pct":76}}
,"/Users/herfortt/git/github.privat/twicemind/mucajey/mucajey-api/src/server/utils/result.js": {"lines":{"total":20,"covered":20,"skipped":0,"pct":100},"functions":{"total":4,"covered":4,"skipped":0,"pct":100},"statements":{"total":20,"covered":20,"skipped":0,"pct":100},"branches":{"total":23,"covered":19,"skipped":0,"pct":82.6}}
}
