TN:
SF:src/server/config.js
FN:5,(anonymous_0)
FN:8,(anonymous_1)
FNF:2
FNH:2
FNDA:1,(anonymous_0)
FNDA:1,(anonymous_1)
DA:1,1
DA:3,1
DA:5,1
DA:6,1
DA:8,1
DA:11,1
LF:6
LH:6
BRDA:6,0,0,1
BRDA:6,0,1,0
BRDA:12,1,0,1
BRDA:12,1,1,0
BRDA:22,2,0,1
BRDA:22,2,1,0
BRDA:23,3,0,1
BRDA:23,3,1,0
BRDA:24,4,0,1
BRDA:24,4,1,0
BRDA:25,5,0,1
BRDA:25,5,1,0
BRDA:26,6,0,1
BRDA:26,6,1,1
BRDA:27,7,0,1
BRDA:27,7,1,0
BRDA:28,8,0,1
BRDA:28,8,1,1
BRF:18
BRH:11
end_of_record
TN:
SF:src/server/middleware/mongo/cache.card.js
FN:7,initCardCollection
FN:14,deepCopy
FN:18,normalizeCard
FN:29,listCards
FN:36,readCardsByEdition
FN:46,writeCardsForEdition
FN:53,(anonymous_6)
FN:63,writeCardForEdition
FN:73,deleteCardByEdition
FN:78,deleteCardsForEdition
FN:83,updateCardByEdition
FN:98,cardCacheMiddleware
FN:100,(anonymous_12)
FN:101,(anonymous_13)
FN:102,(anonymous_14)
FN:103,(anonymous_15)
FN:104,(anonymous_16)
FN:105,(anonymous_17)
FN:106,(anonymous_18)
FNF:19
FNH:13
FNDA:10,initCardCollection
FNDA:6,deepCopy
FNDA:3,normalizeCard
FNDA:2,listCards
FNDA:2,readCardsByEdition
FNDA:1,writeCardsForEdition
FNDA:2,(anonymous_6)
FNDA:1,writeCardForEdition
FNDA:1,deleteCardByEdition
FNDA:1,deleteCardsForEdition
FNDA:2,updateCardByEdition
FNDA:1,cardCacheMiddleware
FNDA:1,(anonymous_12)
FNDA:0,(anonymous_13)
FNDA:0,(anonymous_14)
FNDA:0,(anonymous_15)
FNDA:0,(anonymous_16)
FNDA:0,(anonymous_17)
FNDA:0,(anonymous_18)
DA:2,5
DA:8,10
DA:9,5
DA:10,5
DA:15,6
DA:19,3
DA:20,1
DA:23,2
DA:24,2
DA:25,2
DA:30,2
DA:31,2
DA:32,2
DA:37,2
DA:38,2
DA:42,2
DA:47,1
DA:49,1
DA:51,1
DA:52,1
DA:53,2
DA:60,1
DA:64,1
DA:65,1
DA:69,1
DA:70,1
DA:74,1
DA:75,1
DA:79,1
DA:80,1
DA:84,2
DA:85,2
DA:90,2
DA:95,2
DA:99,1
DA:100,1
DA:101,0
DA:102,0
DA:103,0
DA:104,0
DA:105,0
DA:107,0
DA:109,1
DA:112,5
LF:44
LH:38
BRDA:8,0,0,5
BRDA:8,0,1,5
BRDA:15,1,0,0
BRDA:15,1,1,6
BRDA:19,2,0,1
BRDA:19,2,1,2
BRDA:51,3,0,1
BRDA:51,3,1,0
BRDA:51,4,0,1
BRDA:51,4,1,1
BRF:10
BRH:8
end_of_record
TN:
SF:src/server/middleware/mongo/cache.edition.js
FN:10,initEditionCollection
FN:17,deepCopy
FN:21,sanitizeFilename
FN:26,getEditionIdentifierFromFilename
FN:32,listEditions
FN:39,(anonymous_5)
FN:40,(anonymous_6)
FN:44,readEdition
FN:62,writeEdition
FN:84,deleteEdition
FN:90,editionCacheMiddleware
FN:92,(anonymous_11)
FN:93,(anonymous_12)
FN:94,(anonymous_13)
FN:95,(anonymous_14)
FNF:15
FNH:10
FNDA:5,initEditionCollection
FNDA:2,deepCopy
FNDA:4,sanitizeFilename
FNDA:4,getEditionIdentifierFromFilename
FNDA:1,listEditions
FNDA:1,(anonymous_5)
FNDA:1,(anonymous_6)
FNDA:2,readEdition
FNDA:1,writeEdition
FNDA:1,deleteEdition
FNDA:0,editionCacheMiddleware
FNDA:0,(anonymous_11)
FNDA:0,(anonymous_12)
FNDA:0,(anonymous_13)
FNDA:0,(anonymous_14)
DA:2,1
DA:3,1
DA:5,1
DA:11,5
DA:12,1
DA:13,1
DA:18,2
DA:22,4
DA:23,4
DA:27,4
DA:28,4
DA:33,1
DA:34,1
DA:38,1
DA:39,1
DA:40,1
DA:45,2
DA:46,2
DA:48,2
DA:50,2
DA:52,2
DA:53,2
DA:55,2
DA:63,1
DA:65,1
DA:66,1
DA:68,1
DA:80,1
DA:85,1
DA:86,1
DA:87,1
DA:91,0
DA:92,0
DA:93,0
DA:94,0
DA:95,0
DA:97,0
DA:100,1
LF:38
LH:32
BRDA:11,0,0,1
BRDA:11,0,1,4
BRDA:18,1,0,0
BRDA:18,1,1,2
BRDA:22,2,0,0
BRDA:22,2,1,4
BRDA:50,3,0,0
BRDA:50,3,1,2
BRDA:57,4,0,2
BRDA:57,4,1,0
BRDA:57,4,2,0
BRDA:66,5,0,1
BRDA:66,5,1,0
BRF:13
BRH:7
end_of_record
TN:
SF:src/server/middleware/mongo/cache.service.js
FN:7,initServiceCollection
FN:14,deepCopy
FN:19,listServices
FN:26,readServiceByKey
FN:33,writeServices
FN:58,writeService
FN:75,deleteServiceByKey
FN:81,deleteAllServices
FN:87,updateServiceByKey
FN:96,serviceCacheMiddleware
FN:98,(anonymous_10)
FN:99,(anonymous_11)
FN:100,(anonymous_12)
FN:101,(anonymous_13)
FN:102,(anonymous_14)
FN:103,(anonymous_15)
FN:104,(anonymous_16)
FNF:17
FNH:17
FNDA:21,initServiceCollection
FNDA:9,deepCopy
FNDA:4,listServices
FNDA:5,readServiceByKey
FNDA:3,writeServices
FNDA:3,writeService
FNDA:2,deleteServiceByKey
FNDA:2,deleteAllServices
FNDA:2,updateServiceByKey
FNDA:1,serviceCacheMiddleware
FNDA:1,(anonymous_10)
FNDA:1,(anonymous_11)
FNDA:1,(anonymous_12)
FNDA:1,(anonymous_13)
FNDA:1,(anonymous_14)
FNDA:1,(anonymous_15)
FNDA:1,(anonymous_16)
DA:2,18
DA:8,21
DA:9,9
DA:10,9
DA:15,9
DA:20,4
DA:21,4
DA:22,4
DA:27,5
DA:28,5
DA:29,5
DA:34,3
DA:36,3
DA:37,1
DA:40,2
DA:41,4
DA:44,1
DA:47,3
DA:54,2
DA:59,3
DA:61,3
DA:62,1
DA:65,2
DA:71,2
DA:76,2
DA:77,2
DA:82,2
DA:83,2
DA:88,2
DA:90,2
DA:92,2
DA:97,1
DA:98,1
DA:99,1
DA:100,1
DA:101,1
DA:102,1
DA:103,1
DA:104,1
DA:106,1
DA:109,18
LF:41
LH:41
BRDA:8,0,0,9
BRDA:8,0,1,12
BRDA:15,1,0,0
BRDA:15,1,1,9
BRDA:36,2,0,1
BRDA:36,2,1,2
BRDA:36,3,0,3
BRDA:36,3,1,3
BRDA:41,4,0,1
BRDA:41,4,1,3
BRDA:61,5,0,1
BRDA:61,5,1,2
BRDA:61,6,0,3
BRDA:61,6,1,3
BRF:14
BRH:13
end_of_record
TN:
SF:src/server/middleware/mongo/cache.user.js
FN:7,initUserCollection
FN:14,deepCopy
FN:21,listUsers
FN:30,readUserByUsername
FN:39,writeUsers
FN:64,writeUser
FN:83,updateUser
FN:94,deleteUser
FN:102,deleteAllUsers
FN:110,userCacheMiddleware
FN:112,(anonymous_10)
FN:113,(anonymous_11)
FN:114,(anonymous_12)
FN:115,(anonymous_13)
FN:116,(anonymous_14)
FN:117,(anonymous_15)
FN:118,(anonymous_16)
FNF:17
FNH:11
FNDA:12,initUserCollection
FNDA:5,deepCopy
FNDA:3,listUsers
FNDA:2,readUserByUsername
FNDA:2,writeUsers
FNDA:2,writeUser
FNDA:1,updateUser
FNDA:1,deleteUser
FNDA:1,deleteAllUsers
FNDA:1,userCacheMiddleware
FNDA:1,(anonymous_10)
FNDA:0,(anonymous_11)
FNDA:0,(anonymous_12)
FNDA:0,(anonymous_13)
FNDA:0,(anonymous_14)
FNDA:0,(anonymous_15)
FNDA:0,(anonymous_16)
DA:2,19
DA:8,12
DA:9,6
DA:10,6
DA:15,5
DA:22,3
DA:23,3
DA:24,3
DA:31,2
DA:32,2
DA:33,2
DA:40,2
DA:42,2
DA:43,1
DA:46,1
DA:47,3
DA:48,1
DA:51,2
DA:58,1
DA:65,2
DA:67,2
DA:68,1
DA:71,1
DA:77,1
DA:84,1
DA:86,1
DA:88,1
DA:95,1
DA:96,1
DA:103,1
DA:104,1
DA:111,1
DA:112,1
DA:113,0
DA:114,0
DA:115,0
DA:116,0
DA:117,0
DA:118,0
DA:120,1
DA:123,19
LF:41
LH:35
BRDA:8,0,0,6
BRDA:8,0,1,6
BRDA:15,1,0,0
BRDA:15,1,1,5
BRDA:42,2,0,1
BRDA:42,2,1,1
BRDA:42,3,0,2
BRDA:42,3,1,2
BRDA:47,4,0,1
BRDA:47,4,1,2
BRDA:67,5,0,1
BRDA:67,5,1,1
BRDA:67,6,0,2
BRDA:67,6,1,2
BRF:14
BRH:13
end_of_record
TN:
SF:src/server/middleware/mucajey/auth.js
FN:14,generateSecureApiKey
FN:19,loadApiKeys
FN:29,ensureApiKeysLoaded
FN:36,saveApiKeys
FN:50,isValidApiKey
FN:57,(anonymous_5)
FN:62,authenticateApiKey
FN:89,addApiKey
FN:100,(anonymous_8)
FN:108,updateApiKey
FN:115,(anonymous_10)
FN:121,deleteApiKey
FN:128,(anonymous_12)
FNF:13
FNH:13
FNDA:1,generateSecureApiKey
FNDA:7,loadApiKeys
FNDA:8,ensureApiKeysLoaded
FNDA:1,saveApiKeys
FNDA:6,isValidApiKey
FNDA:5,(anonymous_5)
FNDA:4,authenticateApiKey
FNDA:1,addApiKey
FNDA:1,(anonymous_8)
FNDA:1,updateApiKey
FNDA:1,(anonymous_10)
FNDA:1,deleteApiKey
FNDA:2,(anonymous_12)
DA:1,12
DA:2,12
DA:3,12
DA:4,12
DA:5,12
DA:8,12
DA:15,1
DA:20,7
DA:21,7
DA:22,7
DA:23,6
DA:24,6
DA:25,6
DA:30,8
DA:31,4
DA:37,1
DA:38,1
DA:40,1
DA:41,2
DA:51,6
DA:52,1
DA:55,5
DA:57,5
DA:58,4
DA:63,4
DA:65,4
DA:66,1
DA:72,3
DA:73,3
DA:75,2
DA:76,1
DA:82,1
DA:84,1
DA:90,1
DA:91,1
DA:93,1
DA:99,1
DA:100,1
DA:101,1
DA:102,0
DA:104,1
DA:109,1
DA:110,1
DA:112,1
DA:114,1
DA:115,1
DA:116,1
DA:117,1
DA:122,1
DA:123,1
DA:125,1
DA:127,1
DA:128,2
DA:131,12
LF:54
LH:53
BRDA:30,0,0,4
BRDA:30,0,1,4
BRDA:51,1,0,1
BRDA:51,1,1,5
BRDA:58,2,0,4
BRDA:58,2,1,3
BRDA:65,3,0,1
BRDA:65,3,1,3
BRDA:75,4,0,1
BRDA:75,4,1,1
BRDA:101,5,0,0
BRDA:101,5,1,1
BRDA:116,6,0,1
BRDA:116,6,1,0
BRF:14
BRH:12
end_of_record
TN:
SF:src/server/middleware/passport/local.js
FN:1,ensureAuthenticated
FN:8,ensureAdmin
FNF:2
FNH:2
FNDA:6,ensureAuthenticated
FNDA:11,ensureAdmin
DA:2,6
DA:3,5
DA:5,1
DA:9,11
DA:10,2
DA:12,9
DA:15,2
LF:7
LH:7
BRDA:2,0,0,5
BRDA:2,0,1,1
BRDA:9,1,0,2
BRDA:9,1,1,9
BRDA:9,2,0,11
BRDA:9,2,1,10
BRF:6
BRH:6
end_of_record
TN:
SF:src/server/middleware/passport/strategy.api.js
FN:4,apiKeyStrategy
FN:8,(anonymous_1)
FNF:2
FNH:2
FNDA:1,apiKeyStrategy
FNDA:3,(anonymous_1)
DA:1,1
DA:2,1
DA:5,1
DA:9,3
DA:10,3
DA:11,2
DA:12,1
DA:14,1
DA:16,1
DA:22,1
LF:10
LH:10
BRDA:11,0,0,1
BRDA:11,0,1,1
BRF:2
BRH:2
end_of_record
TN:
SF:src/server/middleware/passport/strategy.local.js
FN:5,findUserByUsername
FN:11,localStrategy
FN:12,(anonymous_2)
FNF:3
FNH:3
FNDA:4,findUserByUsername
FNDA:4,localStrategy
FNDA:4,(anonymous_2)
DA:1,1
DA:2,1
DA:3,1
DA:6,4
DA:7,4
DA:8,4
DA:12,4
DA:13,4
DA:15,4
DA:16,3
DA:17,1
DA:21,2
DA:22,2
DA:23,1
DA:29,1
DA:30,1
DA:35,1
DA:39,1
DA:45,1
DA:50,1
LF:20
LH:20
BRDA:16,0,0,1
BRDA:16,0,1,2
BRDA:22,1,0,1
BRDA:22,1,1,1
BRDA:30,2,0,1
BRDA:30,2,1,0
BRDA:31,3,0,1
BRDA:31,3,1,0
BRDA:31,3,2,1
BRDA:31,3,3,1
BRDA:35,4,0,1
BRDA:35,4,1,0
BRDA:41,5,0,1
BRDA:41,5,1,0
BRF:14
BRH:10
end_of_record
TN:
SF:src/server/routes/health.js
FN:6,(anonymous_0)
FNF:1
FNH:1
FNDA:1,(anonymous_0)
DA:1,1
DA:2,1
DA:3,1
DA:6,1
DA:7,1
DA:13,1
DA:23,1
DA:26,1
LF:8
LH:8
BRF:0
BRH:0
end_of_record
TN:
SF:src/server/routes/v2/auth.js
FN:10,(anonymous_0)
FN:12,(anonymous_1)
FN:16,(anonymous_2)
FN:21,(anonymous_3)
FN:27,(anonymous_4)
FN:32,(anonymous_5)
FN:36,canonicalType
FN:43,(anonymous_7)
FN:56,(anonymous_8)
FN:65,(anonymous_9)
FN:75,(anonymous_10)
FN:91,(anonymous_11)
FN:100,(anonymous_12)
FN:123,(anonymous_13)
FN:133,(anonymous_14)
FN:142,(anonymous_15)
FN:150,(anonymous_16)
FN:158,(anonymous_17)
FN:166,(anonymous_18)
FNF:19
FNH:19
FNDA:27,(anonymous_0)
FNDA:7,(anonymous_1)
FNDA:4,(anonymous_2)
FNDA:3,(anonymous_3)
FNDA:3,(anonymous_4)
FNDA:4,(anonymous_5)
FNDA:4,canonicalType
FNDA:2,(anonymous_7)
FNDA:2,(anonymous_8)
FNDA:5,(anonymous_9)
FNDA:1,(anonymous_10)
FNDA:6,(anonymous_11)
FNDA:3,(anonymous_12)
FNDA:1,(anonymous_13)
FNDA:3,(anonymous_14)
FNDA:3,(anonymous_15)
FNDA:3,(anonymous_16)
FNDA:5,(anonymous_17)
FNDA:8,(anonymous_18)
DA:1,4
DA:2,4
DA:3,4
DA:7,4
DA:8,4
DA:10,4
DA:11,27
DA:12,4
DA:13,7
DA:16,4
DA:17,4
DA:18,1
DA:20,3
DA:21,3
DA:22,3
DA:23,3
DA:24,3
DA:25,3
DA:27,4
DA:28,3
DA:29,1
DA:31,2
DA:32,4
DA:33,2
DA:37,4
DA:38,4
DA:40,0
DA:43,4
DA:44,2
DA:45,1
DA:47,1
DA:56,4
DA:57,2
DA:58,2
DA:59,1
DA:61,1
DA:65,4
DA:66,5
DA:67,5
DA:68,1
DA:73,4
DA:74,4
DA:75,3
DA:76,1
DA:79,2
DA:80,2
DA:84,2
DA:85,2
DA:87,1
DA:91,4
DA:92,6
DA:93,6
DA:94,1
DA:97,5
DA:98,5
DA:99,4
DA:100,3
DA:102,4
DA:103,1
DA:106,3
DA:107,3
DA:108,1
DA:111,2
DA:115,2
DA:116,1
DA:120,1
DA:121,1
DA:122,1
DA:123,1
DA:124,1
DA:126,1
DA:130,4
DA:134,3
DA:135,3
DA:136,3
DA:137,0
DA:140,3
DA:141,3
DA:142,3
DA:143,3
DA:144,0
DA:147,3
DA:148,3
DA:149,3
DA:150,3
DA:151,3
DA:153,0
DA:158,4
DA:159,5
DA:160,5
DA:161,1
DA:164,4
DA:165,4
DA:166,8
DA:167,4
DA:168,1
DA:171,3
DA:172,3
DA:174,0
DA:178,4
LF:100
LH:95
BRDA:3,0,0,4
BRDA:3,0,1,2
BRDA:11,1,0,22
BRDA:11,1,1,5
BRDA:13,2,0,5
BRDA:13,2,1,2
BRDA:17,3,0,1
BRDA:17,3,1,3
BRDA:22,4,0,0
BRDA:22,4,1,3
BRDA:28,5,0,1
BRDA:28,5,1,2
BRDA:37,6,0,4
BRDA:37,6,1,0
BRDA:40,7,0,0
BRDA:40,7,1,0
BRDA:44,8,0,1
BRDA:44,8,1,1
BRDA:66,9,0,5
BRDA:66,9,1,0
BRDA:67,10,0,1
BRDA:67,10,1,4
BRDA:67,11,0,5
BRDA:67,11,1,5
BRDA:75,12,0,1
BRDA:75,12,1,2
BRDA:92,13,0,6
BRDA:92,13,1,0
BRDA:93,14,0,1
BRDA:93,14,1,5
BRDA:102,15,0,1
BRDA:102,15,1,3
BRDA:106,16,0,3
BRDA:106,16,1,0
BRDA:107,17,0,1
BRDA:107,17,1,2
BRDA:115,18,0,1
BRDA:115,18,1,1
BRDA:135,19,0,3
BRDA:135,19,1,0
BRDA:136,20,0,0
BRDA:136,20,1,3
BRDA:143,21,0,0
BRDA:143,21,1,3
BRDA:160,22,0,1
BRDA:160,22,1,4
BRDA:167,23,0,1
BRDA:167,23,1,3
BRF:48
BRH:38
end_of_record
TN:
SF:src/server/routes/v2/card.js
FN:11,normalizeEditionInput
FN:29,buildEditionMetaMap
FN:67,normalizeCardForResponse
FN:90,getNormalizedCards
FN:96,(anonymous_4)
FN:99,getNormalizedCardsByEdition
FN:105,(anonymous_6)
FN:108,findNormalizedCard
FN:110,(anonymous_8)
FN:113,(anonymous_9)
FN:130,(anonymous_10)
FN:148,(anonymous_11)
FN:177,(anonymous_12)
FN:188,(anonymous_13)
FN:197,(anonymous_14)
FN:208,(anonymous_15)
FN:217,(anonymous_16)
FN:227,(anonymous_17)
FN:236,(anonymous_18)
FN:254,(anonymous_19)
FN:264,(anonymous_20)
FN:273,(anonymous_21)
FN:283,(anonymous_22)
FN:285,(anonymous_23)
FN:299,(anonymous_24)
FN:356,(anonymous_25)
FN:377,(anonymous_26)
FN:463,(anonymous_27)
FN:498,(anonymous_28)
FNF:29
FNH:29
FNDA:4,normalizeEditionInput
FNDA:19,buildEditionMetaMap
FNDA:24,normalizeCardForResponse
FNDA:6,getNormalizedCards
FNDA:12,(anonymous_4)
FNDA:7,getNormalizedCardsByEdition
FNDA:7,(anonymous_6)
FNDA:6,findNormalizedCard
FNDA:6,(anonymous_8)
FNDA:1,(anonymous_9)
FNDA:1,(anonymous_10)
FNDA:2,(anonymous_11)
FNDA:1,(anonymous_12)
FNDA:2,(anonymous_13)
FNDA:1,(anonymous_14)
FNDA:2,(anonymous_15)
FNDA:1,(anonymous_16)
FNDA:2,(anonymous_17)
FNDA:1,(anonymous_18)
FNDA:1,(anonymous_19)
FNDA:2,(anonymous_20)
FNDA:1,(anonymous_21)
FNDA:2,(anonymous_22)
FNDA:14,(anonymous_23)
FNDA:3,(anonymous_24)
FNDA:6,(anonymous_25)
FNDA:4,(anonymous_26)
FNDA:2,(anonymous_27)
FNDA:2,(anonymous_28)
DA:1,23
DA:2,23
DA:3,23
DA:4,23
DA:5,23
DA:7,23
DA:9,23
DA:12,4
DA:13,1
DA:14,1
DA:15,1
DA:18,3
DA:19,2
DA:20,2
DA:23,2
DA:26,1
DA:30,19
DA:32,19
DA:33,19
DA:34,19
DA:36,1
DA:37,1
DA:40,18
DA:41,1
DA:44,17
DA:45,35
DA:46,35
DA:47,34
DA:48,1
DA:51,33
DA:52,33
DA:57,1
DA:64,17
DA:68,24
DA:69,1
DA:72,23
DA:73,23
DA:75,23
DA:77,23
DA:79,23
DA:80,23
DA:82,23
DA:91,6
DA:96,12
DA:100,7
DA:105,7
DA:109,6
DA:110,6
DA:113,23
DA:114,1
DA:120,1
DA:127,1
DA:130,23
DA:131,1
DA:138,1
DA:140,1
DA:145,1
DA:148,23
DA:149,2
DA:151,2
DA:158,2
DA:160,2
DA:161,1
DA:166,1
DA:168,1
DA:173,1
DA:177,23
DA:178,1
DA:180,1
DA:187,1
DA:188,2
DA:189,1
DA:194,1
DA:197,23
DA:198,1
DA:200,1
DA:207,1
DA:208,2
DA:209,1
DA:214,1
DA:217,23
DA:218,1
DA:220,1
DA:226,1
DA:227,2
DA:228,1
DA:233,1
DA:236,23
DA:237,1
DA:239,1
DA:245,1
DA:246,1
DA:251,1
DA:254,23
DA:255,1
DA:257,1
DA:263,1
DA:264,2
DA:265,1
DA:270,1
DA:273,23
DA:274,1
DA:276,1
DA:282,1
DA:283,1
DA:284,2
DA:286,14
DA:291,1
DA:296,1
DA:299,23
DA:300,3
DA:302,3
DA:308,3
DA:309,1
DA:313,1
DA:315,2
DA:316,1
DA:320,1
DA:323,1
DA:327,1
DA:329,1
DA:341,1
DA:342,1
DA:347,1
DA:353,1
DA:356,23
DA:357,6
DA:358,6
DA:360,6
DA:367,6
DA:368,1
DA:376,5
DA:377,5
DA:379,5
DA:380,1
DA:388,4
DA:390,4
DA:391,1
DA:399,3
DA:401,3
DA:402,3
DA:413,2
DA:415,2
DA:416,1
DA:424,1
DA:426,1
DA:430,1
DA:435,1
DA:438,1
DA:439,1
DA:444,1
DA:452,1
DA:453,1
DA:463,23
DA:464,2
DA:466,2
DA:472,2
DA:474,2
DA:475,1
DA:479,1
DA:482,1
DA:483,1
DA:484,1
DA:489,1
DA:495,1
DA:498,23
DA:499,2
DA:501,2
DA:507,2
DA:509,2
DA:510,1
DA:514,1
DA:517,1
DA:519,1
DA:523,1
DA:526,23
DA:529,23
LF:177
LH:177
BRDA:12,0,0,1
BRDA:12,0,1,3
BRDA:18,1,0,2
BRDA:18,1,1,1
BRDA:20,2,0,0
BRDA:20,2,1,2
BRDA:40,3,0,1
BRDA:40,3,1,17
BRDA:47,4,0,1
BRDA:47,4,1,33
BRDA:51,5,0,33
BRDA:51,5,1,0
BRDA:54,6,0,33
BRDA:54,6,1,0
BRDA:68,7,0,1
BRDA:68,7,1,23
BRDA:75,8,0,23
BRDA:75,8,1,0
BRDA:75,8,2,0
BRDA:79,9,0,23
BRDA:79,9,1,1
BRDA:79,10,0,1
BRDA:79,10,1,0
BRDA:80,11,0,23
BRDA:80,11,1,1
BRDA:80,11,2,1
BRDA:160,12,0,1
BRDA:160,12,1,1
BRDA:286,13,0,14
BRDA:286,13,1,14
BRDA:308,14,0,1
BRDA:308,14,1,2
BRDA:308,15,0,3
BRDA:308,15,1,3
BRDA:315,16,0,1
BRDA:315,16,1,1
BRDA:315,17,0,2
BRDA:315,17,1,1
BRDA:315,17,2,1
BRDA:315,17,3,1
BRDA:332,18,0,1
BRDA:332,18,1,0
BRDA:337,19,0,1
BRDA:337,19,1,1
BRDA:338,20,0,1
BRDA:338,20,1,1
BRDA:343,21,0,1
BRDA:343,21,1,0
BRDA:358,22,0,6
BRDA:358,22,1,6
BRDA:367,23,0,1
BRDA:367,23,1,5
BRDA:379,24,0,1
BRDA:379,24,1,4
BRDA:390,25,0,1
BRDA:390,25,1,3
BRDA:413,26,0,2
BRDA:413,26,1,0
BRDA:415,27,0,1
BRDA:415,27,1,1
BRDA:426,28,0,1
BRDA:426,28,1,0
BRDA:426,28,2,0
BRDA:440,29,0,1
BRDA:440,29,1,0
BRDA:474,30,0,1
BRDA:474,30,1,1
BRDA:485,31,0,1
BRDA:485,31,1,0
BRDA:509,32,0,1
BRDA:509,32,1,1
BRF:71
BRH:58
end_of_record
TN:
SF:src/server/routes/v2/edition.js
FN:11,resolveEditionFilename
FN:21,(anonymous_1)
FN:27,(anonymous_2)
FN:34,(anonymous_3)
FN:43,(anonymous_4)
FN:59,(anonymous_5)
FN:70,(anonymous_6)
FN:97,(anonymous_7)
FN:161,(anonymous_8)
FN:195,(anonymous_9)
FN:238,(anonymous_10)
FNF:11
FNH:11
FNDA:10,resolveEditionFilename
FNDA:7,(anonymous_1)
FNDA:1,(anonymous_2)
FNDA:1,(anonymous_3)
FNDA:1,(anonymous_4)
FNDA:1,(anonymous_5)
FNDA:1,(anonymous_6)
FNDA:3,(anonymous_7)
FNDA:4,(anonymous_8)
FNDA:3,(anonymous_9)
FNDA:3,(anonymous_10)
DA:1,1
DA:2,1
DA:7,1
DA:9,1
DA:12,10
DA:13,0
DA:16,10
DA:17,10
DA:19,10
DA:21,10
DA:22,10
DA:23,6
DA:26,4
DA:27,1
DA:29,4
DA:30,0
DA:33,4
DA:34,1
DA:36,4
DA:37,1
DA:40,3
DA:43,1
DA:44,1
DA:50,1
DA:56,1
DA:59,1
DA:60,1
DA:67,1
DA:69,1
DA:71,1
DA:73,1
DA:74,1
DA:76,1
DA:88,1
DA:94,1
DA:97,1
DA:106,3
DA:108,3
DA:115,3
DA:116,1
DA:121,1
DA:124,2
DA:128,2
DA:129,2
DA:130,1
DA:134,1
DA:138,1
DA:141,1
DA:150,1
DA:152,1
DA:158,1
DA:161,1
DA:162,4
DA:168,4
DA:170,4
DA:171,1
DA:175,1
DA:178,3
DA:179,3
DA:180,1
DA:184,1
DA:187,2
DA:192,2
DA:195,1
DA:196,3
DA:198,3
DA:204,3
DA:205,1
DA:209,1
DA:212,2
DA:213,2
DA:214,1
DA:218,1
DA:221,1
DA:226,1
DA:227,1
DA:229,1
DA:235,1
DA:238,1
DA:239,3
DA:241,3
DA:247,3
DA:248,1
DA:252,1
DA:255,2
DA:257,2
DA:258,2
DA:259,1
DA:260,1
DA:263,1
DA:264,1
DA:268,1
DA:271,1
DA:276,1
DA:279,1
LF:95
LH:93
BRDA:12,0,0,0
BRDA:12,0,1,10
BRDA:17,1,0,0
BRDA:17,1,1,10
BRDA:22,2,0,6
BRDA:22,2,1,4
BRDA:29,3,0,0
BRDA:29,3,1,4
BRDA:36,4,0,1
BRDA:36,4,1,3
BRDA:71,5,0,1
BRDA:71,5,1,0
BRDA:73,6,0,1
BRDA:73,6,1,0
BRDA:78,7,0,1
BRDA:78,7,1,0
BRDA:79,8,0,1
BRDA:79,8,1,0
BRDA:80,9,0,1
BRDA:80,9,1,0
BRDA:81,10,0,1
BRDA:81,10,1,0
BRDA:83,11,0,1
BRDA:83,11,1,0
BRDA:115,12,0,1
BRDA:115,12,1,2
BRDA:115,13,0,3
BRDA:115,13,1,2
BRDA:124,14,0,2
BRDA:124,14,1,0
BRDA:129,15,0,1
BRDA:129,15,1,1
BRDA:138,16,0,1
BRDA:138,16,1,0
BRDA:143,17,0,1
BRDA:143,17,1,1
BRDA:144,18,0,1
BRDA:144,18,1,1
BRDA:145,19,0,1
BRDA:145,19,1,1
BRDA:146,20,0,1
BRDA:146,20,1,1
BRDA:147,21,0,0
BRDA:147,21,1,1
BRDA:170,22,0,1
BRDA:170,22,1,3
BRDA:179,23,0,1
BRDA:179,23,1,2
BRDA:204,24,0,1
BRDA:204,24,1,2
BRDA:213,25,0,1
BRDA:213,25,1,1
BRDA:247,26,0,1
BRDA:247,26,1,2
BRDA:259,27,0,1
BRDA:259,27,1,0
BRF:56
BRH:42
end_of_record
TN:
SF:src/server/routes/v2/login.js
FN:5,(anonymous_0)
FN:6,(anonymous_1)
FN:16,(anonymous_2)
FN:27,(anonymous_3)
FN:28,(anonymous_4)
FN:33,(anonymous_5)
FNF:6
FNH:6
FNDA:3,(anonymous_0)
FNDA:3,(anonymous_1)
FNDA:2,(anonymous_2)
FNDA:2,(anonymous_3)
FNDA:2,(anonymous_4)
FNDA:1,(anonymous_5)
DA:1,1
DA:2,1
DA:3,1
DA:5,1
DA:6,3
DA:7,3
DA:8,0
DA:10,3
DA:11,1
DA:16,2
DA:17,2
DA:18,1
DA:20,1
DA:27,1
DA:28,2
DA:29,2
DA:30,1
DA:32,1
DA:33,1
DA:35,0
DA:40,1
LF:21
LH:19
BRDA:7,0,0,0
BRDA:7,0,1,3
BRDA:10,1,0,1
BRDA:10,1,1,2
BRDA:13,2,0,1
BRDA:13,2,1,0
BRDA:17,3,0,1
BRDA:17,3,1,1
BRDA:29,4,0,1
BRDA:29,4,1,1
BRDA:32,5,0,1
BRDA:32,5,1,0
BRF:12
BRH:9
end_of_record
TN:
SF:src/server/routes/v2/register.js
FN:19,(anonymous_0)
FN:51,(anonymous_1)
FNF:2
FNH:2
FNDA:2,(anonymous_0)
FNDA:1,(anonymous_1)
DA:1,1
DA:2,1
DA:6,1
DA:7,1
DA:9,1
DA:19,1
DA:20,2
DA:27,2
DA:28,2
DA:30,2
DA:31,0
DA:35,0
DA:38,2
DA:39,0
DA:43,0
DA:46,2
DA:49,2
DA:50,2
DA:52,1
DA:57,2
DA:58,1
DA:64,1
DA:65,1
DA:67,1
DA:81,1
DA:84,1
DA:86,1
DA:97,1
DA:98,1
DA:100,1
DA:114,1
DA:116,0
DA:121,0
DA:125,1
LF:34
LH:28
BRDA:28,0,0,2
BRDA:28,0,1,0
BRDA:30,1,0,0
BRDA:30,1,1,2
BRDA:38,2,0,0
BRDA:38,2,1,2
BRDA:52,3,0,1
BRDA:52,3,1,1
BRDA:52,3,2,1
BRDA:57,4,0,1
BRDA:57,4,1,1
BRDA:60,5,0,1
BRDA:60,5,1,0
BRDA:61,6,0,1
BRDA:61,6,1,0
BRDA:74,7,0,1
BRDA:74,7,1,0
BRDA:74,7,2,0
BRDA:75,8,0,1
BRDA:75,8,1,0
BRDA:75,8,2,0
BRDA:89,9,0,1
BRDA:89,9,1,0
BRDA:91,10,0,1
BRDA:91,10,1,0
BRF:25
BRH:14
end_of_record
TN:
SF:src/server/routes/v2/stats.js
FN:7,buildEditionSummaries
FN:9,(anonymous_1)
FN:28,(anonymous_2)
FN:40,(anonymous_3)
FNF:4
FNH:4
FNDA:1,buildEditionSummaries
FNDA:2,(anonymous_1)
FNDA:1,(anonymous_2)
FNDA:2,(anonymous_3)
DA:1,1
DA:2,1
DA:3,1
DA:5,1
DA:8,1
DA:10,2
DA:12,2
DA:13,2
DA:15,2
DA:28,1
DA:29,1
DA:36,1
DA:37,1
DA:38,1
DA:40,2
DA:42,1
DA:61,1
DA:62,3
DA:63,3
DA:64,3
DA:65,3
DA:66,3
DA:67,3
DA:68,3
DA:70,3
DA:71,3
DA:72,3
DA:73,3
DA:75,3
DA:76,3
DA:77,2
DA:79,1
DA:82,3
DA:84,3
DA:85,3
DA:88,3
DA:89,3
DA:91,3
DA:92,3
DA:94,3
DA:98,1
DA:99,1
DA:103,1
DA:109,1
DA:112,1
LF:45
LH:45
BRDA:10,0,0,2
BRDA:10,0,1,0
BRDA:12,1,0,2
BRDA:12,1,1,0
BRDA:17,2,0,2
BRDA:17,2,1,0
BRDA:18,3,0,2
BRDA:18,3,1,0
BRDA:19,4,0,2
BRDA:19,4,1,2
BRDA:20,5,0,2
BRDA:20,5,1,2
BRDA:22,6,0,2
BRDA:22,6,1,0
BRDA:62,7,0,3
BRDA:62,7,1,1
BRDA:63,8,0,3
BRDA:63,8,1,1
BRDA:64,9,0,3
BRDA:64,9,1,1
BRDA:65,10,0,3
BRDA:65,10,1,1
BRDA:66,11,0,3
BRDA:66,11,1,2
BRDA:67,12,0,3
BRDA:67,12,1,2
BRDA:68,13,0,3
BRDA:68,13,1,0
BRDA:68,13,2,0
BRDA:70,14,0,1
BRDA:70,14,1,2
BRDA:71,15,0,0
BRDA:71,15,1,3
BRDA:72,16,0,1
BRDA:72,16,1,2
BRDA:73,17,0,0
BRDA:73,17,1,3
BRDA:75,18,0,0
BRDA:75,18,1,3
BRDA:75,19,0,3
BRDA:75,19,1,1
BRDA:76,20,0,2
BRDA:76,20,1,1
BRDA:76,21,0,3
BRDA:76,21,1,2
BRDA:82,22,0,0
BRDA:82,22,1,3
BRDA:84,23,0,3
BRDA:84,23,1,3
BRDA:86,24,0,3
BRDA:86,24,1,1
BRDA:88,25,0,3
BRDA:88,25,1,0
BRDA:89,26,0,3
BRDA:89,26,1,3
BRDA:91,27,0,3
BRDA:91,27,1,0
BRDA:92,28,0,3
BRDA:92,28,1,2
BRDA:95,29,0,3
BRDA:95,29,1,2
BRDA:98,30,0,1
BRDA:98,30,1,0
BRF:63
BRH:49
end_of_record
TN:
SF:src/server/utils/client.mongo.js
FN:4,buildUri
FN:52,getMucajeyDb
FN:61,getMucajeyDataDb
FNF:3
FNH:3
FNDA:7,buildUri
FNDA:2,getMucajeyDb
FNDA:2,getMucajeyDataDb
DA:1,4
DA:2,4
DA:5,7
DA:6,1
DA:11,6
DA:12,6
DA:14,6
DA:18,6
DA:21,4
DA:24,4
DA:37,3
DA:53,2
DA:54,1
DA:55,1
DA:56,1
DA:58,2
DA:62,2
DA:63,1
DA:64,1
DA:65,1
DA:67,2
DA:70,3
LF:22
LH:22
BRDA:5,0,0,1
BRDA:5,0,1,6
BRDA:5,1,0,7
BRDA:5,1,1,7
BRDA:5,1,2,6
BRDA:14,2,0,6
BRDA:14,2,1,0
BRDA:21,3,0,4
BRDA:21,3,1,0
BRDA:26,4,0,4
BRDA:26,4,1,4
BRDA:31,5,0,4
BRDA:31,5,1,0
BRDA:33,6,0,3
BRDA:33,6,1,0
BRDA:39,7,0,3
BRDA:39,7,1,3
BRDA:44,8,0,3
BRDA:44,8,1,0
BRDA:46,9,0,3
BRDA:46,9,1,0
BRDA:53,10,0,1
BRDA:53,10,1,1
BRDA:62,11,0,1
BRDA:62,11,1,1
BRF:25
BRH:19
end_of_record
TN:
SF:src/server/utils/result.js
FN:1,ensureField
FN:7,documentation
FN:18,message
FN:41,error
FNF:4
FNH:4
FNDA:89,ensureField
FNDA:45,documentation
FNDA:27,message
FNDA:21,error
DA:2,89
DA:3,2
DA:8,45
DA:9,44
DA:11,43
DA:19,27
DA:20,1
DA:22,26
DA:23,1
DA:26,25
DA:32,25
DA:33,22
DA:35,3
DA:38,25
DA:42,21
DA:43,1
DA:45,20
DA:46,1
DA:49,19
DA:56,28
LF:20
LH:20
BRDA:2,0,0,2
BRDA:2,0,1,87
BRDA:2,1,0,89
BRDA:2,1,1,89
BRDA:7,2,0,0
BRDA:14,3,0,43
BRDA:14,3,1,0
BRDA:18,4,0,0
BRDA:19,5,0,1
BRDA:19,5,1,26
BRDA:22,6,0,1
BRDA:22,6,1,25
BRDA:29,7,0,25
BRDA:29,7,1,22
BRDA:32,8,0,22
BRDA:32,8,1,3
BRDA:41,9,0,0
BRDA:42,10,0,1
BRDA:42,10,1,20
BRDA:45,11,0,1
BRDA:45,11,1,19
BRDA:52,12,0,19
BRDA:52,12,1,17
BRF:23
BRH:19
end_of_record
