{
  "/Users/herfortt/git/github.privat/twicemind/mucajey/mucajey-api/src/server/config.js": {
    "path": "/Users/herfortt/git/github.privat/twicemind/mucajey/mucajey-api/src/server/config.js",
    "statementMap": {
      "0": {
        "start": { "line": 1, "column": 0 },
        "end": { "line": 1, "column": 27 }
      },
      "1": {
        "start": { "line": 3, "column": 13 },
        "end": { "line": 3, "column": 28 }
      },
      "2": {
        "start": { "line": 5, "column": 18 },
        "end": { "line": 9, "column": 20 }
      },
      "3": {
        "start": { "line": 6, "column": 2 },
        "end": { "line": 9, "column": 20 }
      },
      "4": {
        "start": { "line": 8, "column": 17 },
        "end": { "line": 8, "column": 28 }
      },
      "5": {
        "start": { "line": 11, "column": 0 },
        "end": { "line": 28, "column": 2 }
      }
    },
    "fnMap": {
      "0": {
        "name": "(anonymous_0)",
        "decl": {
          "start": { "line": 5, "column": 18 },
          "end": { "line": 5, "column": 19 }
        },
        "loc": {
          "start": { "line": 6, "column": 2 },
          "end": { "line": 9, "column": 20 }
        },
        "line": 6
      },
      "1": {
        "name": "(anonymous_1)",
        "decl": {
          "start": { "line": 8, "column": 9 },
          "end": { "line": 8, "column": 10 }
        },
        "loc": {
          "start": { "line": 8, "column": 17 },
          "end": { "line": 8, "column": 28 }
        },
        "line": 8
      }
    },
    "branchMap": {
      "0": {
        "loc": {
          "start": { "line": 6, "column": 3 },
          "end": { "line": 6, "column": 12 }
        },
        "type": "binary-expr",
        "locations": [
          {
            "start": { "line": 6, "column": 3 },
            "end": { "line": 6, "column": 6 }
          },
          {
            "start": { "line": 6, "column": 10 },
            "end": { "line": 6, "column": 12 }
          }
        ],
        "line": 6
      },
      "1": {
        "loc": {
          "start": { "line": 12, "column": 8 },
          "end": { "line": 12, "column": 32 }
        },
        "type": "binary-expr",
        "locations": [
          {
            "start": { "line": 12, "column": 8 },
            "end": { "line": 12, "column": 24 }
          },
          {
            "start": { "line": 12, "column": 28 },
            "end": { "line": 12, "column": 32 }
          }
        ],
        "line": 12
      },
      "2": {
        "loc": {
          "start": { "line": 21, "column": 21 },
          "end": { "line": 21, "column": 88 }
        },
        "type": "binary-expr",
        "locations": [
          {
            "start": { "line": 21, "column": 21 },
            "end": { "line": 21, "column": 50 }
          },
          {
            "start": { "line": 21, "column": 54 },
            "end": { "line": 21, "column": 88 }
          }
        ],
        "line": 21
      },
      "3": {
        "loc": {
          "start": { "line": 22, "column": 18 },
          "end": { "line": 22, "column": 63 }
        },
        "type": "binary-expr",
        "locations": [
          {
            "start": { "line": 22, "column": 18 },
            "end": { "line": 22, "column": 37 }
          },
          {
            "start": { "line": 22, "column": 41 },
            "end": { "line": 22, "column": 63 }
          }
        ],
        "line": 22
      },
      "4": {
        "loc": {
          "start": { "line": 23, "column": 21 },
          "end": { "line": 23, "column": 56 }
        },
        "type": "binary-expr",
        "locations": [
          {
            "start": { "line": 23, "column": 21 },
            "end": { "line": 23, "column": 50 }
          },
          {
            "start": { "line": 23, "column": 54 },
            "end": { "line": 23, "column": 56 }
          }
        ],
        "line": 23
      },
      "5": {
        "loc": {
          "start": { "line": 24, "column": 25 },
          "end": { "line": 24, "column": 64 }
        },
        "type": "binary-expr",
        "locations": [
          {
            "start": { "line": 24, "column": 25 },
            "end": { "line": 24, "column": 58 }
          },
          {
            "start": { "line": 24, "column": 62 },
            "end": { "line": 24, "column": 64 }
          }
        ],
        "line": 24
      },
      "6": {
        "loc": {
          "start": { "line": 25, "column": 26 },
          "end": { "line": 25, "column": 77 }
        },
        "type": "binary-expr",
        "locations": [
          {
            "start": { "line": 25, "column": 26 },
            "end": { "line": 25, "column": 50 }
          },
          {
            "start": { "line": 25, "column": 54 },
            "end": { "line": 25, "column": 77 }
          }
        ],
        "line": 25
      },
      "7": {
        "loc": {
          "start": { "line": 26, "column": 25 },
          "end": { "line": 26, "column": 64 }
        },
        "type": "binary-expr",
        "locations": [
          {
            "start": { "line": 26, "column": 25 },
            "end": { "line": 26, "column": 58 }
          },
          {
            "start": { "line": 26, "column": 62 },
            "end": { "line": 26, "column": 64 }
          }
        ],
        "line": 26
      },
      "8": {
        "loc": {
          "start": { "line": 27, "column": 21 },
          "end": { "line": 27, "column": 58 }
        },
        "type": "binary-expr",
        "locations": [
          {
            "start": { "line": 27, "column": 21 },
            "end": { "line": 27, "column": 50 }
          },
          {
            "start": { "line": 27, "column": 54 },
            "end": { "line": 27, "column": 58 }
          }
        ],
        "line": 27
      }
    },
    "s": { "0": 1, "1": 1, "2": 1, "3": 1, "4": 1, "5": 1 },
    "f": { "0": 1, "1": 1 },
    "b": {
      "0": [1, 0],
      "1": [1, 0],
      "2": [1, 0],
      "3": [1, 0],
      "4": [1, 0],
      "5": [1, 0],
      "6": [1, 1],
      "7": [1, 0],
      "8": [1, 1]
    },
    "_coverageSchema": "1a1c01bbd47fc00a2c39e90264f33305004495a9",
    "hash": "3e0f081e4830b7b1d95e04b0ce3ffadff8290015"
  },
  "/Users/herfortt/git/github.privat/twicemind/mucajey/mucajey-api/src/server/middleware/mongo/cache.card.js": {
    "path": "/Users/herfortt/git/github.privat/twicemind/mucajey/mucajey-api/src/server/middleware/mongo/cache.card.js",
    "statementMap": {
      "0": {
        "start": { "line": 2, "column": 29 },
        "end": { "line": 2, "column": 64 }
      },
      "1": {
        "start": { "line": 8, "column": 2 },
        "end": { "line": 11, "column": 3 }
      },
      "2": {
        "start": { "line": 9, "column": 4 },
        "end": { "line": 9, "column": 34 }
      },
      "3": {
        "start": { "line": 10, "column": 4 },
        "end": { "line": 10, "column": 33 }
      },
      "4": {
        "start": { "line": 15, "column": 2 },
        "end": { "line": 15, "column": 77 }
      },
      "5": {
        "start": { "line": 19, "column": 2 },
        "end": { "line": 21, "column": 3 }
      },
      "6": {
        "start": { "line": 20, "column": 4 },
        "end": { "line": 20, "column": 15 }
      },
      "7": {
        "start": { "line": 23, "column": 38 },
        "end": { "line": 23, "column": 41 }
      },
      "8": {
        "start": { "line": 24, "column": 2 },
        "end": { "line": 24, "column": 17 }
      },
      "9": {
        "start": { "line": 25, "column": 2 },
        "end": { "line": 25, "column": 24 }
      },
      "10": {
        "start": { "line": 30, "column": 2 },
        "end": { "line": 30, "column": 29 }
      },
      "11": {
        "start": { "line": 31, "column": 16 },
        "end": { "line": 31, "column": 73 }
      },
      "12": {
        "start": { "line": 32, "column": 2 },
        "end": { "line": 32, "column": 25 }
      },
      "13": {
        "start": { "line": 37, "column": 2 },
        "end": { "line": 37, "column": 29 }
      },
      "14": {
        "start": { "line": 38, "column": 16 },
        "end": { "line": 38, "column": 93 }
      },
      "15": {
        "start": { "line": 39, "column": 2 },
        "end": { "line": 39, "column": 25 }
      },
      "16": {
        "start": { "line": 44, "column": 2 },
        "end": { "line": 44, "column": 29 }
      },
      "17": {
        "start": { "line": 46, "column": 2 },
        "end": { "line": 46, "column": 48 }
      },
      "18": {
        "start": { "line": 48, "column": 2 },
        "end": { "line": 55, "column": 3 }
      },
      "19": {
        "start": { "line": 49, "column": 4 },
        "end": { "line": 54, "column": 6 }
      },
      "20": {
        "start": { "line": 50, "column": 25 },
        "end": { "line": 53, "column": 7 }
      },
      "21": {
        "start": { "line": 57, "column": 2 },
        "end": { "line": 57, "column": 39 }
      },
      "22": {
        "start": { "line": 61, "column": 2 },
        "end": { "line": 61, "column": 29 }
      },
      "23": {
        "start": { "line": 62, "column": 18 },
        "end": { "line": 65, "column": 3 }
      },
      "24": {
        "start": { "line": 66, "column": 2 },
        "end": { "line": 66, "column": 32 }
      },
      "25": {
        "start": { "line": 67, "column": 2 },
        "end": { "line": 67, "column": 32 }
      },
      "26": {
        "start": { "line": 71, "column": 2 },
        "end": { "line": 71, "column": 29 }
      },
      "27": {
        "start": { "line": 72, "column": 2 },
        "end": { "line": 72, "column": 59 }
      },
      "28": {
        "start": { "line": 76, "column": 2 },
        "end": { "line": 76, "column": 29 }
      },
      "29": {
        "start": { "line": 77, "column": 2 },
        "end": { "line": 77, "column": 48 }
      },
      "30": {
        "start": { "line": 81, "column": 2 },
        "end": { "line": 81, "column": 29 }
      },
      "31": {
        "start": { "line": 82, "column": 2 },
        "end": { "line": 85, "column": 4 }
      },
      "32": {
        "start": { "line": 87, "column": 18 },
        "end": { "line": 90, "column": 3 }
      },
      "33": {
        "start": { "line": 92, "column": 2 },
        "end": { "line": 92, "column": 32 }
      },
      "34": {
        "start": { "line": 96, "column": 2 },
        "end": { "line": 104, "column": 4 }
      },
      "35": {
        "start": { "line": 97, "column": 18 },
        "end": { "line": 97, "column": 29 }
      },
      "36": {
        "start": { "line": 98, "column": 31 },
        "end": { "line": 98, "column": 60 }
      },
      "37": {
        "start": { "line": 99, "column": 37 },
        "end": { "line": 99, "column": 75 }
      },
      "38": {
        "start": { "line": 100, "column": 29 },
        "end": { "line": 100, "column": 61 }
      },
      "39": {
        "start": { "line": 101, "column": 32 },
        "end": { "line": 101, "column": 68 }
      },
      "40": {
        "start": { "line": 102, "column": 35 },
        "end": { "line": 102, "column": 73 }
      },
      "41": {
        "start": { "line": 103, "column": 50 },
        "end": { "line": 103, "column": 103 }
      },
      "42": {
        "start": { "line": 105, "column": 2 },
        "end": { "line": 105, "column": 9 }
      },
      "43": {
        "start": { "line": 108, "column": 0 },
        "end": { "line": 118, "column": 2 }
      }
    },
    "fnMap": {
      "0": {
        "name": "initCardCollection",
        "decl": {
          "start": { "line": 7, "column": 15 },
          "end": { "line": 7, "column": 33 }
        },
        "loc": {
          "start": { "line": 7, "column": 36 },
          "end": { "line": 12, "column": 1 }
        },
        "line": 7
      },
      "1": {
        "name": "deepCopy",
        "decl": {
          "start": { "line": 14, "column": 9 },
          "end": { "line": 14, "column": 17 }
        },
        "loc": {
          "start": { "line": 14, "column": 25 },
          "end": { "line": 16, "column": 1 }
        },
        "line": 14
      },
      "2": {
        "name": "normalizeCard",
        "decl": {
          "start": { "line": 18, "column": 9 },
          "end": { "line": 18, "column": 22 }
        },
        "loc": {
          "start": { "line": 18, "column": 28 },
          "end": { "line": 26, "column": 1 }
        },
        "line": 18
      },
      "3": {
        "name": "listCards",
        "decl": {
          "start": { "line": 29, "column": 15 },
          "end": { "line": 29, "column": 24 }
        },
        "loc": {
          "start": { "line": 29, "column": 27 },
          "end": { "line": 33, "column": 1 }
        },
        "line": 29
      },
      "4": {
        "name": "readCardsByEdition",
        "decl": {
          "start": { "line": 36, "column": 15 },
          "end": { "line": 36, "column": 33 }
        },
        "loc": {
          "start": { "line": 36, "column": 45 },
          "end": { "line": 40, "column": 1 }
        },
        "line": 36
      },
      "5": {
        "name": "writeCardsForEdition",
        "decl": {
          "start": { "line": 43, "column": 15 },
          "end": { "line": 43, "column": 35 }
        },
        "loc": {
          "start": { "line": 43, "column": 54 },
          "end": { "line": 58, "column": 1 }
        },
        "line": 43
      },
      "6": {
        "name": "(anonymous_6)",
        "decl": {
          "start": { "line": 50, "column": 16 },
          "end": { "line": 50, "column": 17 }
        },
        "loc": {
          "start": { "line": 50, "column": 25 },
          "end": { "line": 53, "column": 7 }
        },
        "line": 50
      },
      "7": {
        "name": "writeCardForEdition",
        "decl": {
          "start": { "line": 60, "column": 15 },
          "end": { "line": 60, "column": 34 }
        },
        "loc": {
          "start": { "line": 60, "column": 52 },
          "end": { "line": 68, "column": 1 }
        },
        "line": 60
      },
      "8": {
        "name": "deleteCardByEdition",
        "decl": {
          "start": { "line": 70, "column": 15 },
          "end": { "line": 70, "column": 34 }
        },
        "loc": {
          "start": { "line": 70, "column": 54 },
          "end": { "line": 73, "column": 1 }
        },
        "line": 70
      },
      "9": {
        "name": "deleteCardsForEdition",
        "decl": {
          "start": { "line": 75, "column": 15 },
          "end": { "line": 75, "column": 36 }
        },
        "loc": {
          "start": { "line": 75, "column": 48 },
          "end": { "line": 78, "column": 1 }
        },
        "line": 75
      },
      "10": {
        "name": "updateCardByEdition",
        "decl": {
          "start": { "line": 80, "column": 15 },
          "end": { "line": 80, "column": 34 }
        },
        "loc": {
          "start": { "line": 80, "column": 69 },
          "end": { "line": 93, "column": 1 }
        },
        "line": 80
      },
      "11": {
        "name": "cardCacheMiddleware",
        "decl": {
          "start": { "line": 95, "column": 9 },
          "end": { "line": 95, "column": 28 }
        },
        "loc": {
          "start": { "line": 95, "column": 45 },
          "end": { "line": 106, "column": 1 }
        },
        "line": 95
      },
      "12": {
        "name": "(anonymous_12)",
        "decl": {
          "start": { "line": 97, "column": 12 },
          "end": { "line": 97, "column": 13 }
        },
        "loc": {
          "start": { "line": 97, "column": 18 },
          "end": { "line": 97, "column": 29 }
        },
        "line": 97
      },
      "13": {
        "name": "(anonymous_13)",
        "decl": {
          "start": { "line": 98, "column": 18 },
          "end": { "line": 98, "column": 19 }
        },
        "loc": {
          "start": { "line": 98, "column": 31 },
          "end": { "line": 98, "column": 60 }
        },
        "line": 98
      },
      "14": {
        "name": "(anonymous_14)",
        "decl": {
          "start": { "line": 99, "column": 15 },
          "end": { "line": 99, "column": 16 }
        },
        "loc": {
          "start": { "line": 99, "column": 37 },
          "end": { "line": 99, "column": 75 }
        },
        "line": 99
      },
      "15": {
        "name": "(anonymous_15)",
        "decl": {
          "start": { "line": 100, "column": 16 },
          "end": { "line": 100, "column": 17 }
        },
        "loc": {
          "start": { "line": 100, "column": 29 },
          "end": { "line": 100, "column": 61 }
        },
        "line": 100
      },
      "16": {
        "name": "(anonymous_16)",
        "decl": {
          "start": { "line": 101, "column": 11 },
          "end": { "line": 101, "column": 12 }
        },
        "loc": {
          "start": { "line": 101, "column": 32 },
          "end": { "line": 101, "column": 68 }
        },
        "line": 101
      },
      "17": {
        "name": "(anonymous_17)",
        "decl": {
          "start": { "line": 102, "column": 12 },
          "end": { "line": 102, "column": 13 }
        },
        "loc": {
          "start": { "line": 102, "column": 35 },
          "end": { "line": 102, "column": 73 }
        },
        "line": 102
      },
      "18": {
        "name": "(anonymous_18)",
        "decl": {
          "start": { "line": 103, "column": 12 },
          "end": { "line": 103, "column": 13 }
        },
        "loc": {
          "start": { "line": 103, "column": 50 },
          "end": { "line": 103, "column": 103 }
        },
        "line": 103
      }
    },
    "branchMap": {
      "0": {
        "loc": {
          "start": { "line": 8, "column": 2 },
          "end": { "line": 11, "column": 3 }
        },
        "type": "if",
        "locations": [
          {
            "start": { "line": 8, "column": 2 },
            "end": { "line": 11, "column": 3 }
          },
          { "start": {}, "end": {} }
        ],
        "line": 8
      },
      "1": {
        "loc": {
          "start": { "line": 15, "column": 9 },
          "end": { "line": 15, "column": 76 }
        },
        "type": "cond-expr",
        "locations": [
          {
            "start": { "line": 15, "column": 31 },
            "end": { "line": 15, "column": 40 }
          },
          {
            "start": { "line": 15, "column": 43 },
            "end": { "line": 15, "column": 76 }
          }
        ],
        "line": 15
      },
      "2": {
        "loc": {
          "start": { "line": 19, "column": 2 },
          "end": { "line": 21, "column": 3 }
        },
        "type": "if",
        "locations": [
          {
            "start": { "line": 19, "column": 2 },
            "end": { "line": 21, "column": 3 }
          },
          { "start": {}, "end": {} }
        ],
        "line": 19
      },
      "3": {
        "loc": {
          "start": { "line": 48, "column": 2 },
          "end": { "line": 55, "column": 3 }
        },
        "type": "if",
        "locations": [
          {
            "start": { "line": 48, "column": 2 },
            "end": { "line": 55, "column": 3 }
          },
          { "start": {}, "end": {} }
        ],
        "line": 48
      },
      "4": {
        "loc": {
          "start": { "line": 48, "column": 6 },
          "end": { "line": 48, "column": 46 }
        },
        "type": "binary-expr",
        "locations": [
          {
            "start": { "line": 48, "column": 6 },
            "end": { "line": 48, "column": 26 }
          },
          {
            "start": { "line": 48, "column": 30 },
            "end": { "line": 48, "column": 46 }
          }
        ],
        "line": 48
      }
    },
    "s": {
      "0": 1,
      "1": 5,
      "2": 1,
      "3": 1,
      "4": 4,
      "5": 2,
      "6": 0,
      "7": 2,
      "8": 2,
      "9": 2,
      "10": 1,
      "11": 1,
      "12": 1,
      "13": 1,
      "14": 1,
      "15": 1,
      "16": 0,
      "17": 0,
      "18": 0,
      "19": 0,
      "20": 0,
      "21": 0,
      "22": 1,
      "23": 1,
      "24": 1,
      "25": 1,
      "26": 1,
      "27": 1,
      "28": 0,
      "29": 0,
      "30": 1,
      "31": 1,
      "32": 1,
      "33": 1,
      "34": 0,
      "35": 0,
      "36": 0,
      "37": 0,
      "38": 0,
      "39": 0,
      "40": 0,
      "41": 0,
      "42": 0,
      "43": 1
    },
    "f": {
      "0": 5,
      "1": 4,
      "2": 2,
      "3": 1,
      "4": 1,
      "5": 0,
      "6": 0,
      "7": 1,
      "8": 1,
      "9": 0,
      "10": 1,
      "11": 0,
      "12": 0,
      "13": 0,
      "14": 0,
      "15": 0,
      "16": 0,
      "17": 0,
      "18": 0
    },
    "b": { "0": [1, 4], "1": [0, 4], "2": [0, 2], "3": [0, 0], "4": [0, 0] },
    "_coverageSchema": "1a1c01bbd47fc00a2c39e90264f33305004495a9",
    "hash": "25822a22eb5a80362e79fa31cc5914bd43506e4b"
  },
  "/Users/herfortt/git/github.privat/twicemind/mucajey/mucajey-api/src/server/middleware/mongo/cache.edition.js": {
    "path": "/Users/herfortt/git/github.privat/twicemind/mucajey/mucajey-api/src/server/middleware/mongo/cache.edition.js",
    "statementMap": {
      "0": {
        "start": { "line": 2, "column": 13 },
        "end": { "line": 2, "column": 28 }
      },
      "1": {
        "start": { "line": 3, "column": 29 },
        "end": { "line": 3, "column": 64 }
      },
      "2": {
        "start": { "line": 5, "column": 23 },
        "end": { "line": 5, "column": 30 }
      },
      "3": {
        "start": { "line": 11, "column": 2 },
        "end": { "line": 14, "column": 3 }
      },
      "4": {
        "start": { "line": 12, "column": 4 },
        "end": { "line": 12, "column": 34 }
      },
      "5": {
        "start": { "line": 13, "column": 4 },
        "end": { "line": 13, "column": 39 }
      },
      "6": {
        "start": { "line": 18, "column": 2 },
        "end": { "line": 18, "column": 77 }
      },
      "7": {
        "start": { "line": 22, "column": 2 },
        "end": { "line": 22, "column": 63 }
      },
      "8": {
        "start": { "line": 22, "column": 17 },
        "end": { "line": 22, "column": 63 }
      },
      "9": {
        "start": { "line": 23, "column": 2 },
        "end": { "line": 23, "column": 33 }
      },
      "10": {
        "start": { "line": 27, "column": 20 },
        "end": { "line": 27, "column": 46 }
      },
      "11": {
        "start": { "line": 28, "column": 2 },
        "end": { "line": 28, "column": 50 }
      },
      "12": {
        "start": { "line": 33, "column": 2 },
        "end": { "line": 33, "column": 32 }
      },
      "13": {
        "start": { "line": 34, "column": 19 },
        "end": { "line": 34, "column": 91 }
      },
      "14": {
        "start": { "line": 35, "column": 2 },
        "end": { "line": 37, "column": 47 }
      },
      "15": {
        "start": { "line": 36, "column": 17 },
        "end": { "line": 36, "column": 28 }
      },
      "16": {
        "start": { "line": 37, "column": 14 },
        "end": { "line": 37, "column": 45 }
      },
      "17": {
        "start": { "line": 42, "column": 2 },
        "end": { "line": 42, "column": 32 }
      },
      "18": {
        "start": { "line": 43, "column": 20 },
        "end": { "line": 43, "column": 62 }
      },
      "19": {
        "start": { "line": 45, "column": 21 },
        "end": { "line": 45, "column": 66 }
      },
      "20": {
        "start": { "line": 47, "column": 2 },
        "end": { "line": 47, "column": 31 }
      },
      "21": {
        "start": { "line": 47, "column": 19 },
        "end": { "line": 47, "column": 31 }
      },
      "22": {
        "start": { "line": 49, "column": 38 },
        "end": { "line": 49, "column": 48 }
      },
      "23": {
        "start": { "line": 50, "column": 2 },
        "end": { "line": 50, "column": 17 }
      },
      "24": {
        "start": { "line": 52, "column": 2 },
        "end": { "line": 55, "column": 5 }
      },
      "25": {
        "start": { "line": 60, "column": 2 },
        "end": { "line": 60, "column": 32 }
      },
      "26": {
        "start": { "line": 62, "column": 20 },
        "end": { "line": 62, "column": 62 }
      },
      "27": {
        "start": { "line": 63, "column": 22 },
        "end": { "line": 63, "column": 51 }
      },
      "28": {
        "start": { "line": 65, "column": 2 },
        "end": { "line": 75, "column": 4 }
      },
      "29": {
        "start": { "line": 77, "column": 2 },
        "end": { "line": 77, "column": 31 }
      },
      "30": {
        "start": { "line": 82, "column": 2 },
        "end": { "line": 82, "column": 32 }
      },
      "31": {
        "start": { "line": 83, "column": 20 },
        "end": { "line": 83, "column": 62 }
      },
      "32": {
        "start": { "line": 84, "column": 2 },
        "end": { "line": 84, "column": 50 }
      },
      "33": {
        "start": { "line": 88, "column": 2 },
        "end": { "line": 93, "column": 4 }
      },
      "34": {
        "start": { "line": 89, "column": 18 },
        "end": { "line": 89, "column": 32 }
      },
      "35": {
        "start": { "line": 90, "column": 22 },
        "end": { "line": 90, "column": 44 }
      },
      "36": {
        "start": { "line": 91, "column": 34 },
        "end": { "line": 91, "column": 65 }
      },
      "37": {
        "start": { "line": 92, "column": 24 },
        "end": { "line": 92, "column": 47 }
      },
      "38": {
        "start": { "line": 94, "column": 2 },
        "end": { "line": 94, "column": 9 }
      },
      "39": {
        "start": { "line": 97, "column": 0 },
        "end": { "line": 104, "column": 2 }
      }
    },
    "fnMap": {
      "0": {
        "name": "initEditionCollection",
        "decl": {
          "start": { "line": 10, "column": 15 },
          "end": { "line": 10, "column": 36 }
        },
        "loc": {
          "start": { "line": 10, "column": 39 },
          "end": { "line": 15, "column": 1 }
        },
        "line": 10
      },
      "1": {
        "name": "deepCopy",
        "decl": {
          "start": { "line": 17, "column": 9 },
          "end": { "line": 17, "column": 17 }
        },
        "loc": {
          "start": { "line": 17, "column": 25 },
          "end": { "line": 19, "column": 1 }
        },
        "line": 17
      },
      "2": {
        "name": "sanitizeFilename",
        "decl": {
          "start": { "line": 21, "column": 9 },
          "end": { "line": 21, "column": 25 }
        },
        "loc": {
          "start": { "line": 21, "column": 36 },
          "end": { "line": 24, "column": 1 }
        },
        "line": 21
      },
      "3": {
        "name": "getEditionIdentifierFromFilename",
        "decl": {
          "start": { "line": 26, "column": 9 },
          "end": { "line": 26, "column": 41 }
        },
        "loc": {
          "start": { "line": 26, "column": 52 },
          "end": { "line": 29, "column": 1 }
        },
        "line": 26
      },
      "4": {
        "name": "listEditions",
        "decl": {
          "start": { "line": 32, "column": 15 },
          "end": { "line": 32, "column": 27 }
        },
        "loc": {
          "start": { "line": 32, "column": 30 },
          "end": { "line": 38, "column": 1 }
        },
        "line": 32
      },
      "5": {
        "name": "(anonymous_5)",
        "decl": {
          "start": { "line": 36, "column": 12 },
          "end": { "line": 36, "column": 13 }
        },
        "loc": {
          "start": { "line": 36, "column": 17 },
          "end": { "line": 36, "column": 28 }
        },
        "line": 36
      },
      "6": {
        "name": "(anonymous_6)",
        "decl": {
          "start": { "line": 37, "column": 9 },
          "end": { "line": 37, "column": 10 }
        },
        "loc": {
          "start": { "line": 37, "column": 14 },
          "end": { "line": 37, "column": 45 }
        },
        "line": 37
      },
      "7": {
        "name": "readEdition",
        "decl": {
          "start": { "line": 41, "column": 15 },
          "end": { "line": 41, "column": 26 }
        },
        "loc": {
          "start": { "line": 41, "column": 37 },
          "end": { "line": 56, "column": 1 }
        },
        "line": 41
      },
      "8": {
        "name": "writeEdition",
        "decl": {
          "start": { "line": 59, "column": 15 },
          "end": { "line": 59, "column": 27 }
        },
        "loc": {
          "start": { "line": 59, "column": 47 },
          "end": { "line": 78, "column": 1 }
        },
        "line": 59
      },
      "9": {
        "name": "deleteEdition",
        "decl": {
          "start": { "line": 81, "column": 15 },
          "end": { "line": 81, "column": 28 }
        },
        "loc": {
          "start": { "line": 81, "column": 39 },
          "end": { "line": 85, "column": 1 }
        },
        "line": 81
      },
      "10": {
        "name": "editionCacheMiddleware",
        "decl": {
          "start": { "line": 87, "column": 9 },
          "end": { "line": 87, "column": 31 }
        },
        "loc": {
          "start": { "line": 87, "column": 48 },
          "end": { "line": 95, "column": 1 }
        },
        "line": 87
      },
      "11": {
        "name": "(anonymous_11)",
        "decl": {
          "start": { "line": 89, "column": 12 },
          "end": { "line": 89, "column": 13 }
        },
        "loc": {
          "start": { "line": 89, "column": 18 },
          "end": { "line": 89, "column": 32 }
        },
        "line": 89
      },
      "12": {
        "name": "(anonymous_12)",
        "decl": {
          "start": { "line": 90, "column": 9 },
          "end": { "line": 90, "column": 10 }
        },
        "loc": {
          "start": { "line": 90, "column": 22 },
          "end": { "line": 90, "column": 44 }
        },
        "line": 90
      },
      "13": {
        "name": "(anonymous_13)",
        "decl": {
          "start": { "line": 91, "column": 11 },
          "end": { "line": 91, "column": 12 }
        },
        "loc": {
          "start": { "line": 91, "column": 34 },
          "end": { "line": 91, "column": 65 }
        },
        "line": 91
      },
      "14": {
        "name": "(anonymous_14)",
        "decl": {
          "start": { "line": 92, "column": 12 },
          "end": { "line": 92, "column": 13 }
        },
        "loc": {
          "start": { "line": 92, "column": 24 },
          "end": { "line": 92, "column": 47 }
        },
        "line": 92
      }
    },
    "branchMap": {
      "0": {
        "loc": {
          "start": { "line": 11, "column": 2 },
          "end": { "line": 14, "column": 3 }
        },
        "type": "if",
        "locations": [
          {
            "start": { "line": 11, "column": 2 },
            "end": { "line": 14, "column": 3 }
          },
          { "start": {}, "end": {} }
        ],
        "line": 11
      },
      "1": {
        "loc": {
          "start": { "line": 18, "column": 9 },
          "end": { "line": 18, "column": 76 }
        },
        "type": "cond-expr",
        "locations": [
          {
            "start": { "line": 18, "column": 31 },
            "end": { "line": 18, "column": 40 }
          },
          {
            "start": { "line": 18, "column": 43 },
            "end": { "line": 18, "column": 76 }
          }
        ],
        "line": 18
      },
      "2": {
        "loc": {
          "start": { "line": 22, "column": 2 },
          "end": { "line": 22, "column": 63 }
        },
        "type": "if",
        "locations": [
          {
            "start": { "line": 22, "column": 2 },
            "end": { "line": 22, "column": 63 }
          },
          { "start": {}, "end": {} }
        ],
        "line": 22
      },
      "3": {
        "loc": {
          "start": { "line": 47, "column": 2 },
          "end": { "line": 47, "column": 31 }
        },
        "type": "if",
        "locations": [
          {
            "start": { "line": 47, "column": 2 },
            "end": { "line": 47, "column": 31 }
          },
          { "start": {}, "end": {} }
        ],
        "line": 47
      },
      "4": {
        "loc": {
          "start": { "line": 54, "column": 13 },
          "end": { "line": 54, "column": 59 }
        },
        "type": "binary-expr",
        "locations": [
          {
            "start": { "line": 54, "column": 13 },
            "end": { "line": 54, "column": 30 }
          },
          {
            "start": { "line": 54, "column": 34 },
            "end": { "line": 54, "column": 46 }
          },
          {
            "start": { "line": 54, "column": 50 },
            "end": { "line": 54, "column": 59 }
          }
        ],
        "line": 54
      },
      "5": {
        "loc": {
          "start": { "line": 63, "column": 22 },
          "end": { "line": 63, "column": 51 }
        },
        "type": "binary-expr",
        "locations": [
          {
            "start": { "line": 63, "column": 22 },
            "end": { "line": 63, "column": 38 }
          },
          {
            "start": { "line": 63, "column": 42 },
            "end": { "line": 63, "column": 51 }
          }
        ],
        "line": 63
      }
    },
    "s": {
      "0": 1,
      "1": 1,
      "2": 1,
      "3": 5,
      "4": 1,
      "5": 1,
      "6": 2,
      "7": 4,
      "8": 0,
      "9": 4,
      "10": 4,
      "11": 4,
      "12": 1,
      "13": 1,
      "14": 1,
      "15": 1,
      "16": 1,
      "17": 2,
      "18": 2,
      "19": 2,
      "20": 2,
      "21": 0,
      "22": 2,
      "23": 2,
      "24": 2,
      "25": 1,
      "26": 1,
      "27": 1,
      "28": 1,
      "29": 1,
      "30": 1,
      "31": 1,
      "32": 1,
      "33": 0,
      "34": 0,
      "35": 0,
      "36": 0,
      "37": 0,
      "38": 0,
      "39": 1
    },
    "f": {
      "0": 5,
      "1": 2,
      "2": 4,
      "3": 4,
      "4": 1,
      "5": 1,
      "6": 1,
      "7": 2,
      "8": 1,
      "9": 1,
      "10": 0,
      "11": 0,
      "12": 0,
      "13": 0,
      "14": 0
    },
    "b": {
      "0": [1, 4],
      "1": [0, 2],
      "2": [0, 4],
      "3": [0, 2],
      "4": [2, 0, 0],
      "5": [1, 0]
    },
    "_coverageSchema": "1a1c01bbd47fc00a2c39e90264f33305004495a9",
    "hash": "04b5fef06b48ef4d0400373ad4e82645b95dce5c"
  },
  "/Users/herfortt/git/github.privat/twicemind/mucajey/mucajey-api/src/server/middleware/mongo/cache.service.js": {
    "path": "/Users/herfortt/git/github.privat/twicemind/mucajey/mucajey-api/src/server/middleware/mongo/cache.service.js",
    "statementMap": {
      "0": {
        "start": { "line": 2, "column": 25 },
        "end": { "line": 2, "column": 60 }
      },
      "1": {
        "start": { "line": 8, "column": 2 },
        "end": { "line": 11, "column": 3 }
      },
      "2": {
        "start": { "line": 9, "column": 4 },
        "end": { "line": 9, "column": 30 }
      },
      "3": {
        "start": { "line": 10, "column": 4 },
        "end": { "line": 10, "column": 39 }
      },
      "4": {
        "start": { "line": 15, "column": 2 },
        "end": { "line": 15, "column": 77 }
      },
      "5": {
        "start": { "line": 20, "column": 2 },
        "end": { "line": 20, "column": 32 }
      },
      "6": {
        "start": { "line": 21, "column": 15 },
        "end": { "line": 21, "column": 47 }
      },
      "7": {
        "start": { "line": 22, "column": 2 },
        "end": { "line": 22, "column": 24 }
      },
      "8": {
        "start": { "line": 27, "column": 2 },
        "end": { "line": 27, "column": 32 }
      },
      "9": {
        "start": { "line": 28, "column": 14 },
        "end": { "line": 28, "column": 44 }
      },
      "10": {
        "start": { "line": 29, "column": 2 },
        "end": { "line": 29, "column": 23 }
      },
      "11": {
        "start": { "line": 34, "column": 2 },
        "end": { "line": 34, "column": 32 }
      },
      "12": {
        "start": { "line": 36, "column": 2 },
        "end": { "line": 38, "column": 3 }
      },
      "13": {
        "start": { "line": 37, "column": 4 },
        "end": { "line": 37, "column": 14 }
      },
      "14": {
        "start": { "line": 40, "column": 2 },
        "end": { "line": 52, "column": 3 }
      },
      "15": {
        "start": { "line": 41, "column": 4 },
        "end": { "line": 45, "column": 5 }
      },
      "16": {
        "start": { "line": 44, "column": 6 },
        "end": { "line": 44, "column": 15 }
      },
      "17": {
        "start": { "line": 47, "column": 4 },
        "end": { "line": 51, "column": 6 }
      },
      "18": {
        "start": { "line": 54, "column": 2 },
        "end": { "line": 54, "column": 24 }
      },
      "19": {
        "start": { "line": 59, "column": 2 },
        "end": { "line": 59, "column": 32 }
      },
      "20": {
        "start": { "line": 61, "column": 2 },
        "end": { "line": 63, "column": 3 }
      },
      "21": {
        "start": { "line": 62, "column": 4 },
        "end": { "line": 62, "column": 64 }
      },
      "22": {
        "start": { "line": 65, "column": 2 },
        "end": { "line": 69, "column": 4 }
      },
      "23": {
        "start": { "line": 71, "column": 2 },
        "end": { "line": 71, "column": 39 }
      },
      "24": {
        "start": { "line": 76, "column": 2 },
        "end": { "line": 76, "column": 32 }
      },
      "25": {
        "start": { "line": 77, "column": 2 },
        "end": { "line": 77, "column": 35 }
      },
      "26": {
        "start": { "line": 82, "column": 2 },
        "end": { "line": 82, "column": 32 }
      },
      "27": {
        "start": { "line": 83, "column": 2 },
        "end": { "line": 83, "column": 31 }
      },
      "28": {
        "start": { "line": 88, "column": 2 },
        "end": { "line": 88, "column": 32 }
      },
      "29": {
        "start": { "line": 90, "column": 2 },
        "end": { "line": 93, "column": 4 }
      },
      "30": {
        "start": { "line": 95, "column": 2 },
        "end": { "line": 95, "column": 31 }
      },
      "31": {
        "start": { "line": 100, "column": 2 },
        "end": { "line": 108, "column": 4 }
      },
      "32": {
        "start": { "line": 101, "column": 18 },
        "end": { "line": 101, "column": 32 }
      },
      "33": {
        "start": { "line": 102, "column": 21 },
        "end": { "line": 102, "column": 42 }
      },
      "34": {
        "start": { "line": 103, "column": 27 },
        "end": { "line": 103, "column": 50 }
      },
      "35": {
        "start": { "line": 104, "column": 22 },
        "end": { "line": 104, "column": 43 }
      },
      "36": {
        "start": { "line": 105, "column": 19 },
        "end": { "line": 105, "column": 42 }
      },
      "37": {
        "start": { "line": 106, "column": 22 },
        "end": { "line": 106, "column": 41 }
      },
      "38": {
        "start": { "line": 107, "column": 36 },
        "end": { "line": 107, "column": 74 }
      },
      "39": {
        "start": { "line": 109, "column": 2 },
        "end": { "line": 109, "column": 9 }
      },
      "40": {
        "start": { "line": 112, "column": 0 },
        "end": { "line": 122, "column": 2 }
      }
    },
    "fnMap": {
      "0": {
        "name": "initServiceCollection",
        "decl": {
          "start": { "line": 7, "column": 15 },
          "end": { "line": 7, "column": 36 }
        },
        "loc": {
          "start": { "line": 7, "column": 39 },
          "end": { "line": 12, "column": 1 }
        },
        "line": 7
      },
      "1": {
        "name": "deepCopy",
        "decl": {
          "start": { "line": 14, "column": 9 },
          "end": { "line": 14, "column": 17 }
        },
        "loc": {
          "start": { "line": 14, "column": 25 },
          "end": { "line": 16, "column": 1 }
        },
        "line": 14
      },
      "2": {
        "name": "listServices",
        "decl": {
          "start": { "line": 19, "column": 15 },
          "end": { "line": 19, "column": 27 }
        },
        "loc": {
          "start": { "line": 19, "column": 30 },
          "end": { "line": 23, "column": 1 }
        },
        "line": 19
      },
      "3": {
        "name": "readServiceByKey",
        "decl": {
          "start": { "line": 26, "column": 15 },
          "end": { "line": 26, "column": 31 }
        },
        "loc": {
          "start": { "line": 26, "column": 37 },
          "end": { "line": 30, "column": 1 }
        },
        "line": 26
      },
      "4": {
        "name": "writeServices",
        "decl": {
          "start": { "line": 33, "column": 15 },
          "end": { "line": 33, "column": 28 }
        },
        "loc": {
          "start": { "line": 33, "column": 39 },
          "end": { "line": 55, "column": 1 }
        },
        "line": 33
      },
      "5": {
        "name": "writeService",
        "decl": {
          "start": { "line": 58, "column": 15 },
          "end": { "line": 58, "column": 27 }
        },
        "loc": {
          "start": { "line": 58, "column": 37 },
          "end": { "line": 72, "column": 1 }
        },
        "line": 58
      },
      "6": {
        "name": "deleteServiceByKey",
        "decl": {
          "start": { "line": 75, "column": 15 },
          "end": { "line": 75, "column": 33 }
        },
        "loc": {
          "start": { "line": 75, "column": 39 },
          "end": { "line": 78, "column": 1 }
        },
        "line": 75
      },
      "7": {
        "name": "deleteAllServices",
        "decl": {
          "start": { "line": 81, "column": 15 },
          "end": { "line": 81, "column": 32 }
        },
        "loc": {
          "start": { "line": 81, "column": 35 },
          "end": { "line": 84, "column": 1 }
        },
        "line": 81
      },
      "8": {
        "name": "updateServiceByKey",
        "decl": {
          "start": { "line": 87, "column": 15 },
          "end": { "line": 87, "column": 33 }
        },
        "loc": {
          "start": { "line": 87, "column": 54 },
          "end": { "line": 96, "column": 1 }
        },
        "line": 87
      },
      "9": {
        "name": "serviceCacheMiddleware",
        "decl": {
          "start": { "line": 99, "column": 9 },
          "end": { "line": 99, "column": 31 }
        },
        "loc": {
          "start": { "line": 99, "column": 48 },
          "end": { "line": 110, "column": 1 }
        },
        "line": 99
      },
      "10": {
        "name": "(anonymous_10)",
        "decl": {
          "start": { "line": 101, "column": 12 },
          "end": { "line": 101, "column": 13 }
        },
        "loc": {
          "start": { "line": 101, "column": 18 },
          "end": { "line": 101, "column": 32 }
        },
        "line": 101
      },
      "11": {
        "name": "(anonymous_11)",
        "decl": {
          "start": { "line": 102, "column": 14 },
          "end": { "line": 102, "column": 15 }
        },
        "loc": {
          "start": { "line": 102, "column": 21 },
          "end": { "line": 102, "column": 42 }
        },
        "line": 102
      },
      "12": {
        "name": "(anonymous_12)",
        "decl": {
          "start": { "line": 103, "column": 15 },
          "end": { "line": 103, "column": 16 }
        },
        "loc": {
          "start": { "line": 103, "column": 27 },
          "end": { "line": 103, "column": 50 }
        },
        "line": 103
      },
      "13": {
        "name": "(anonymous_13)",
        "decl": {
          "start": { "line": 104, "column": 11 },
          "end": { "line": 104, "column": 12 }
        },
        "loc": {
          "start": { "line": 104, "column": 22 },
          "end": { "line": 104, "column": 43 }
        },
        "line": 104
      },
      "14": {
        "name": "(anonymous_14)",
        "decl": {
          "start": { "line": 105, "column": 12 },
          "end": { "line": 105, "column": 13 }
        },
        "loc": {
          "start": { "line": 105, "column": 19 },
          "end": { "line": 105, "column": 42 }
        },
        "line": 105
      },
      "15": {
        "name": "(anonymous_15)",
        "decl": {
          "start": { "line": 106, "column": 16 },
          "end": { "line": 106, "column": 17 }
        },
        "loc": {
          "start": { "line": 106, "column": 22 },
          "end": { "line": 106, "column": 41 }
        },
        "line": 106
      },
      "16": {
        "name": "(anonymous_16)",
        "decl": {
          "start": { "line": 107, "column": 12 },
          "end": { "line": 107, "column": 13 }
        },
        "loc": {
          "start": { "line": 107, "column": 36 },
          "end": { "line": 107, "column": 74 }
        },
        "line": 107
      }
    },
    "branchMap": {
      "0": {
        "loc": {
          "start": { "line": 8, "column": 2 },
          "end": { "line": 11, "column": 3 }
        },
        "type": "if",
        "locations": [
          {
            "start": { "line": 8, "column": 2 },
            "end": { "line": 11, "column": 3 }
          },
          { "start": {}, "end": {} }
        ],
        "line": 8
      },
      "1": {
        "loc": {
          "start": { "line": 15, "column": 9 },
          "end": { "line": 15, "column": 76 }
        },
        "type": "cond-expr",
        "locations": [
          {
            "start": { "line": 15, "column": 31 },
            "end": { "line": 15, "column": 40 }
          },
          {
            "start": { "line": 15, "column": 43 },
            "end": { "line": 15, "column": 76 }
          }
        ],
        "line": 15
      },
      "2": {
        "loc": {
          "start": { "line": 36, "column": 2 },
          "end": { "line": 38, "column": 3 }
        },
        "type": "if",
        "locations": [
          {
            "start": { "line": 36, "column": 2 },
            "end": { "line": 38, "column": 3 }
          },
          { "start": {}, "end": {} }
        ],
        "line": 36
      },
      "3": {
        "loc": {
          "start": { "line": 36, "column": 6 },
          "end": { "line": 36, "column": 55 }
        },
        "type": "binary-expr",
        "locations": [
          {
            "start": { "line": 36, "column": 6 },
            "end": { "line": 36, "column": 30 }
          },
          {
            "start": { "line": 36, "column": 34 },
            "end": { "line": 36, "column": 55 }
          }
        ],
        "line": 36
      },
      "4": {
        "loc": {
          "start": { "line": 41, "column": 4 },
          "end": { "line": 45, "column": 5 }
        },
        "type": "if",
        "locations": [
          {
            "start": { "line": 41, "column": 4 },
            "end": { "line": 45, "column": 5 }
          },
          { "start": {}, "end": {} }
        ],
        "line": 41
      },
      "5": {
        "loc": {
          "start": { "line": 61, "column": 2 },
          "end": { "line": 63, "column": 3 }
        },
        "type": "if",
        "locations": [
          {
            "start": { "line": 61, "column": 2 },
            "end": { "line": 63, "column": 3 }
          },
          { "start": {}, "end": {} }
        ],
        "line": 61
      },
      "6": {
        "loc": {
          "start": { "line": 61, "column": 6 },
          "end": { "line": 61, "column": 30 }
        },
        "type": "binary-expr",
        "locations": [
          {
            "start": { "line": 61, "column": 6 },
            "end": { "line": 61, "column": 14 }
          },
          {
            "start": { "line": 61, "column": 18 },
            "end": { "line": 61, "column": 30 }
          }
        ],
        "line": 61
      }
    },
    "s": {
      "0": 13,
      "1": 6,
      "2": 1,
      "3": 1,
      "4": 3,
      "5": 1,
      "6": 1,
      "7": 1,
      "8": 2,
      "9": 2,
      "10": 2,
      "11": 0,
      "12": 0,
      "13": 0,
      "14": 0,
      "15": 0,
      "16": 0,
      "17": 0,
      "18": 0,
      "19": 1,
      "20": 1,
      "21": 0,
      "22": 1,
      "23": 1,
      "24": 1,
      "25": 1,
      "26": 0,
      "27": 0,
      "28": 1,
      "29": 1,
      "30": 1,
      "31": 0,
      "32": 0,
      "33": 0,
      "34": 0,
      "35": 0,
      "36": 0,
      "37": 0,
      "38": 0,
      "39": 0,
      "40": 13
    },
    "f": {
      "0": 6,
      "1": 3,
      "2": 1,
      "3": 2,
      "4": 0,
      "5": 1,
      "6": 1,
      "7": 0,
      "8": 1,
      "9": 0,
      "10": 0,
      "11": 0,
      "12": 0,
      "13": 0,
      "14": 0,
      "15": 0,
      "16": 0
    },
    "b": {
      "0": [1, 5],
      "1": [0, 3],
      "2": [0, 0],
      "3": [0, 0],
      "4": [0, 0],
      "5": [0, 1],
      "6": [1, 1]
    },
    "_coverageSchema": "1a1c01bbd47fc00a2c39e90264f33305004495a9",
    "hash": "123d3aa993619228f3986fcba7134035a461eb8a"
  },
  "/Users/herfortt/git/github.privat/twicemind/mucajey/mucajey-api/src/server/middleware/mongo/cache.user.js": {
    "path": "/Users/herfortt/git/github.privat/twicemind/mucajey/mucajey-api/src/server/middleware/mongo/cache.user.js",
    "statementMap": {
      "0": {
        "start": { "line": 2, "column": 25 },
        "end": { "line": 2, "column": 60 }
      },
      "1": {
        "start": { "line": 8, "column": 2 },
        "end": { "line": 11, "column": 3 }
      },
      "2": {
        "start": { "line": 9, "column": 4 },
        "end": { "line": 9, "column": 30 }
      },
      "3": {
        "start": { "line": 10, "column": 4 },
        "end": { "line": 10, "column": 33 }
      },
      "4": {
        "start": { "line": 15, "column": 2 },
        "end": { "line": 15, "column": 77 }
      },
      "5": {
        "start": { "line": 22, "column": 2 },
        "end": { "line": 22, "column": 29 }
      },
      "6": {
        "start": { "line": 23, "column": 16 },
        "end": { "line": 23, "column": 65 }
      },
      "7": {
        "start": { "line": 24, "column": 2 },
        "end": { "line": 24, "column": 25 }
      },
      "8": {
        "start": { "line": 31, "column": 2 },
        "end": { "line": 31, "column": 29 }
      },
      "9": {
        "start": { "line": 32, "column": 15 },
        "end": { "line": 32, "column": 47 }
      },
      "10": {
        "start": { "line": 33, "column": 2 },
        "end": { "line": 33, "column": 24 }
      },
      "11": {
        "start": { "line": 40, "column": 2 },
        "end": { "line": 40, "column": 29 }
      },
      "12": {
        "start": { "line": 42, "column": 2 },
        "end": { "line": 44, "column": 3 }
      },
      "13": {
        "start": { "line": 43, "column": 4 },
        "end": { "line": 43, "column": 14 }
      },
      "14": {
        "start": { "line": 46, "column": 2 },
        "end": { "line": 56, "column": 3 }
      },
      "15": {
        "start": { "line": 47, "column": 4 },
        "end": { "line": 49, "column": 5 }
      },
      "16": {
        "start": { "line": 48, "column": 6 },
        "end": { "line": 48, "column": 15 }
      },
      "17": {
        "start": { "line": 51, "column": 4 },
        "end": { "line": 55, "column": 6 }
      },
      "18": {
        "start": { "line": 58, "column": 2 },
        "end": { "line": 58, "column": 21 }
      },
      "19": {
        "start": { "line": 65, "column": 2 },
        "end": { "line": 65, "column": 29 }
      },
      "20": {
        "start": { "line": 67, "column": 2 },
        "end": { "line": 69, "column": 3 }
      },
      "21": {
        "start": { "line": 68, "column": 4 },
        "end": { "line": 68, "column": 67 }
      },
      "22": {
        "start": { "line": 71, "column": 2 },
        "end": { "line": 75, "column": 4 }
      },
      "23": {
        "start": { "line": 77, "column": 2 },
        "end": { "line": 77, "column": 43 }
      },
      "24": {
        "start": { "line": 84, "column": 2 },
        "end": { "line": 84, "column": 29 }
      },
      "25": {
        "start": { "line": 86, "column": 2 },
        "end": { "line": 89, "column": 4 }
      },
      "26": {
        "start": { "line": 91, "column": 2 },
        "end": { "line": 91, "column": 38 }
      },
      "27": {
        "start": { "line": 98, "column": 2 },
        "end": { "line": 98, "column": 29 }
      },
      "28": {
        "start": { "line": 99, "column": 2 },
        "end": { "line": 99, "column": 37 }
      },
      "29": {
        "start": { "line": 106, "column": 2 },
        "end": { "line": 106, "column": 29 }
      },
      "30": {
        "start": { "line": 107, "column": 2 },
        "end": { "line": 107, "column": 28 }
      },
      "31": {
        "start": { "line": 114, "column": 2 },
        "end": { "line": 122, "column": 4 }
      },
      "32": {
        "start": { "line": 115, "column": 18 },
        "end": { "line": 115, "column": 29 }
      },
      "33": {
        "start": { "line": 116, "column": 31 },
        "end": { "line": 116, "column": 59 }
      },
      "34": {
        "start": { "line": 117, "column": 24 },
        "end": { "line": 117, "column": 41 }
      },
      "35": {
        "start": { "line": 118, "column": 19 },
        "end": { "line": 118, "column": 34 }
      },
      "36": {
        "start": { "line": 119, "column": 35 },
        "end": { "line": 119, "column": 64 }
      },
      "37": {
        "start": { "line": 120, "column": 24 },
        "end": { "line": 120, "column": 44 }
      },
      "38": {
        "start": { "line": 121, "column": 22 },
        "end": { "line": 121, "column": 38 }
      },
      "39": {
        "start": { "line": 123, "column": 2 },
        "end": { "line": 123, "column": 9 }
      },
      "40": {
        "start": { "line": 126, "column": 0 },
        "end": { "line": 136, "column": 2 }
      }
    },
    "fnMap": {
      "0": {
        "name": "initUserCollection",
        "decl": {
          "start": { "line": 7, "column": 15 },
          "end": { "line": 7, "column": 33 }
        },
        "loc": {
          "start": { "line": 7, "column": 36 },
          "end": { "line": 12, "column": 1 }
        },
        "line": 7
      },
      "1": {
        "name": "deepCopy",
        "decl": {
          "start": { "line": 14, "column": 9 },
          "end": { "line": 14, "column": 17 }
        },
        "loc": {
          "start": { "line": 14, "column": 25 },
          "end": { "line": 16, "column": 1 }
        },
        "line": 14
      },
      "2": {
        "name": "listUsers",
        "decl": {
          "start": { "line": 21, "column": 15 },
          "end": { "line": 21, "column": 24 }
        },
        "loc": {
          "start": { "line": 21, "column": 27 },
          "end": { "line": 25, "column": 1 }
        },
        "line": 21
      },
      "3": {
        "name": "readUserByUsername",
        "decl": {
          "start": { "line": 30, "column": 15 },
          "end": { "line": 30, "column": 33 }
        },
        "loc": {
          "start": { "line": 30, "column": 44 },
          "end": { "line": 34, "column": 1 }
        },
        "line": 30
      },
      "4": {
        "name": "writeUsers",
        "decl": {
          "start": { "line": 39, "column": 15 },
          "end": { "line": 39, "column": 25 }
        },
        "loc": {
          "start": { "line": 39, "column": 33 },
          "end": { "line": 59, "column": 1 }
        },
        "line": 39
      },
      "5": {
        "name": "writeUser",
        "decl": {
          "start": { "line": 64, "column": 15 },
          "end": { "line": 64, "column": 24 }
        },
        "loc": {
          "start": { "line": 64, "column": 31 },
          "end": { "line": 78, "column": 1 }
        },
        "line": 64
      },
      "6": {
        "name": "updateUser",
        "decl": {
          "start": { "line": 83, "column": 15 },
          "end": { "line": 83, "column": 25 }
        },
        "loc": {
          "start": { "line": 83, "column": 51 },
          "end": { "line": 92, "column": 1 }
        },
        "line": 83
      },
      "7": {
        "name": "deleteUser",
        "decl": {
          "start": { "line": 97, "column": 15 },
          "end": { "line": 97, "column": 25 }
        },
        "loc": {
          "start": { "line": 97, "column": 36 },
          "end": { "line": 100, "column": 1 }
        },
        "line": 97
      },
      "8": {
        "name": "deleteAllUsers",
        "decl": {
          "start": { "line": 105, "column": 15 },
          "end": { "line": 105, "column": 29 }
        },
        "loc": {
          "start": { "line": 105, "column": 32 },
          "end": { "line": 108, "column": 1 }
        },
        "line": 105
      },
      "9": {
        "name": "userCacheMiddleware",
        "decl": {
          "start": { "line": 113, "column": 9 },
          "end": { "line": 113, "column": 28 }
        },
        "loc": {
          "start": { "line": 113, "column": 45 },
          "end": { "line": 124, "column": 1 }
        },
        "line": 113
      },
      "10": {
        "name": "(anonymous_10)",
        "decl": {
          "start": { "line": 115, "column": 12 },
          "end": { "line": 115, "column": 13 }
        },
        "loc": {
          "start": { "line": 115, "column": 18 },
          "end": { "line": 115, "column": 29 }
        },
        "line": 115
      },
      "11": {
        "name": "(anonymous_11)",
        "decl": {
          "start": { "line": 116, "column": 19 },
          "end": { "line": 116, "column": 20 }
        },
        "loc": {
          "start": { "line": 116, "column": 31 },
          "end": { "line": 116, "column": 59 }
        },
        "line": 116
      },
      "12": {
        "name": "(anonymous_12)",
        "decl": {
          "start": { "line": 117, "column": 15 },
          "end": { "line": 117, "column": 16 }
        },
        "loc": {
          "start": { "line": 117, "column": 24 },
          "end": { "line": 117, "column": 41 }
        },
        "line": 117
      },
      "13": {
        "name": "(anonymous_13)",
        "decl": {
          "start": { "line": 118, "column": 11 },
          "end": { "line": 118, "column": 12 }
        },
        "loc": {
          "start": { "line": 118, "column": 19 },
          "end": { "line": 118, "column": 34 }
        },
        "line": 118
      },
      "14": {
        "name": "(anonymous_14)",
        "decl": {
          "start": { "line": 119, "column": 12 },
          "end": { "line": 119, "column": 13 }
        },
        "loc": {
          "start": { "line": 119, "column": 35 },
          "end": { "line": 119, "column": 64 }
        },
        "line": 119
      },
      "15": {
        "name": "(anonymous_15)",
        "decl": {
          "start": { "line": 120, "column": 12 },
          "end": { "line": 120, "column": 13 }
        },
        "loc": {
          "start": { "line": 120, "column": 24 },
          "end": { "line": 120, "column": 44 }
        },
        "line": 120
      },
      "16": {
        "name": "(anonymous_16)",
        "decl": {
          "start": { "line": 121, "column": 16 },
          "end": { "line": 121, "column": 17 }
        },
        "loc": {
          "start": { "line": 121, "column": 22 },
          "end": { "line": 121, "column": 38 }
        },
        "line": 121
      }
    },
    "branchMap": {
      "0": {
        "loc": {
          "start": { "line": 8, "column": 2 },
          "end": { "line": 11, "column": 3 }
        },
        "type": "if",
        "locations": [
          {
            "start": { "line": 8, "column": 2 },
            "end": { "line": 11, "column": 3 }
          },
          { "start": {}, "end": {} }
        ],
        "line": 8
      },
      "1": {
        "loc": {
          "start": { "line": 15, "column": 9 },
          "end": { "line": 15, "column": 76 }
        },
        "type": "cond-expr",
        "locations": [
          {
            "start": { "line": 15, "column": 31 },
            "end": { "line": 15, "column": 40 }
          },
          {
            "start": { "line": 15, "column": 43 },
            "end": { "line": 15, "column": 76 }
          }
        ],
        "line": 15
      },
      "2": {
        "loc": {
          "start": { "line": 42, "column": 2 },
          "end": { "line": 44, "column": 3 }
        },
        "type": "if",
        "locations": [
          {
            "start": { "line": 42, "column": 2 },
            "end": { "line": 44, "column": 3 }
          },
          { "start": {}, "end": {} }
        ],
        "line": 42
      },
      "3": {
        "loc": {
          "start": { "line": 42, "column": 6 },
          "end": { "line": 42, "column": 49 }
        },
        "type": "binary-expr",
        "locations": [
          {
            "start": { "line": 42, "column": 6 },
            "end": { "line": 42, "column": 27 }
          },
          {
            "start": { "line": 42, "column": 31 },
            "end": { "line": 42, "column": 49 }
          }
        ],
        "line": 42
      },
      "4": {
        "loc": {
          "start": { "line": 47, "column": 4 },
          "end": { "line": 49, "column": 5 }
        },
        "type": "if",
        "locations": [
          {
            "start": { "line": 47, "column": 4 },
            "end": { "line": 49, "column": 5 }
          },
          { "start": {}, "end": {} }
        ],
        "line": 47
      },
      "5": {
        "loc": {
          "start": { "line": 67, "column": 2 },
          "end": { "line": 69, "column": 3 }
        },
        "type": "if",
        "locations": [
          {
            "start": { "line": 67, "column": 2 },
            "end": { "line": 69, "column": 3 }
          },
          { "start": {}, "end": {} }
        ],
        "line": 67
      },
      "6": {
        "loc": {
          "start": { "line": 67, "column": 6 },
          "end": { "line": 67, "column": 29 }
        },
        "type": "binary-expr",
        "locations": [
          {
            "start": { "line": 67, "column": 6 },
            "end": { "line": 67, "column": 11 }
          },
          {
            "start": { "line": 67, "column": 15 },
            "end": { "line": 67, "column": 29 }
          }
        ],
        "line": 67
      }
    },
    "s": {
      "0": 14,
      "1": 6,
      "2": 1,
      "3": 1,
      "4": 3,
      "5": 1,
      "6": 1,
      "7": 1,
      "8": 2,
      "9": 2,
      "10": 2,
      "11": 0,
      "12": 0,
      "13": 0,
      "14": 0,
      "15": 0,
      "16": 0,
      "17": 0,
      "18": 0,
      "19": 1,
      "20": 1,
      "21": 0,
      "22": 1,
      "23": 1,
      "24": 1,
      "25": 1,
      "26": 1,
      "27": 1,
      "28": 1,
      "29": 0,
      "30": 0,
      "31": 0,
      "32": 0,
      "33": 0,
      "34": 0,
      "35": 0,
      "36": 0,
      "37": 0,
      "38": 0,
      "39": 0,
      "40": 14
    },
    "f": {
      "0": 6,
      "1": 3,
      "2": 1,
      "3": 2,
      "4": 0,
      "5": 1,
      "6": 1,
      "7": 1,
      "8": 0,
      "9": 0,
      "10": 0,
      "11": 0,
      "12": 0,
      "13": 0,
      "14": 0,
      "15": 0,
      "16": 0
    },
    "b": {
      "0": [1, 5],
      "1": [0, 3],
      "2": [0, 0],
      "3": [0, 0],
      "4": [0, 0],
      "5": [0, 1],
      "6": [1, 1]
    },
    "_coverageSchema": "1a1c01bbd47fc00a2c39e90264f33305004495a9",
    "hash": "d51341cd8dcf2634f8d7911ccaae570515fe4204"
  },
  "/Users/herfortt/git/github.privat/twicemind/mucajey/mucajey-api/src/server/middleware/mucajey/auth.js": {
    "path": "/Users/herfortt/git/github.privat/twicemind/mucajey/mucajey-api/src/server/middleware/mucajey/auth.js",
    "statementMap": {
      "0": {
        "start": { "line": 1, "column": 15 },
        "end": { "line": 1, "column": 32 }
      },
      "1": {
        "start": { "line": 2, "column": 25 },
        "end": { "line": 2, "column": 60 }
      },
      "2": {
        "start": { "line": 3, "column": 23 },
        "end": { "line": 3, "column": 53 }
      },
      "3": {
        "start": { "line": 4, "column": 40 },
        "end": { "line": 4, "column": 73 }
      },
      "4": {
        "start": { "line": 5, "column": 27 },
        "end": { "line": 5, "column": 50 }
      },
      "5": {
        "start": { "line": 8, "column": 21 },
        "end": { "line": 11, "column": 1 }
      },
      "6": {
        "start": { "line": 15, "column": 2 },
        "end": { "line": 15, "column": 48 }
      },
      "7": {
        "start": { "line": 20, "column": 13 },
        "end": { "line": 20, "column": 33 }
      },
      "8": {
        "start": { "line": 21, "column": 21 },
        "end": { "line": 21, "column": 45 }
      },
      "9": {
        "start": { "line": 22, "column": 15 },
        "end": { "line": 22, "column": 50 }
      },
      "10": {
        "start": { "line": 23, "column": 2 },
        "end": { "line": 23, "column": 27 }
      },
      "11": {
        "start": { "line": 24, "column": 2 },
        "end": { "line": 24, "column": 29 }
      },
      "12": {
        "start": { "line": 25, "column": 2 },
        "end": { "line": 25, "column": 14 }
      },
      "13": {
        "start": { "line": 30, "column": 2 },
        "end": { "line": 32, "column": 3 }
      },
      "14": {
        "start": { "line": 31, "column": 4 },
        "end": { "line": 31, "column": 24 }
      },
      "15": {
        "start": { "line": 37, "column": 13 },
        "end": { "line": 37, "column": 33 }
      },
      "16": {
        "start": { "line": 38, "column": 21 },
        "end": { "line": 38, "column": 45 }
      },
      "17": {
        "start": { "line": 40, "column": 2 },
        "end": { "line": 46, "column": 3 }
      },
      "18": {
        "start": { "line": 41, "column": 4 },
        "end": { "line": 45, "column": 6 }
      },
      "19": {
        "start": { "line": 51, "column": 2 },
        "end": { "line": 53, "column": 3 }
      },
      "20": {
        "start": { "line": 52, "column": 4 },
        "end": { "line": 52, "column": 16 }
      },
      "21": {
        "start": { "line": 55, "column": 2 },
        "end": { "line": 55, "column": 30 }
      },
      "22": {
        "start": { "line": 57, "column": 19 },
        "end": { "line": 57, "column": 64 }
      },
      "23": {
        "start": { "line": 57, "column": 47 },
        "end": { "line": 57, "column": 63 }
      },
      "24": {
        "start": { "line": 58, "column": 2 },
        "end": { "line": 58, "column": 51 }
      },
      "25": {
        "start": { "line": 63, "column": 17 },
        "end": { "line": 63, "column": 41 }
      },
      "26": {
        "start": { "line": 65, "column": 2 },
        "end": { "line": 70, "column": 3 }
      },
      "27": {
        "start": { "line": 66, "column": 4 },
        "end": { "line": 69, "column": 7 }
      },
      "28": {
        "start": { "line": 72, "column": 2 },
        "end": { "line": 85, "column": 3 }
      },
      "29": {
        "start": { "line": 73, "column": 18 },
        "end": { "line": 73, "column": 45 }
      },
      "30": {
        "start": { "line": 75, "column": 4 },
        "end": { "line": 80, "column": 5 }
      },
      "31": {
        "start": { "line": 76, "column": 6 },
        "end": { "line": 79, "column": 9 }
      },
      "32": {
        "start": { "line": 82, "column": 4 },
        "end": { "line": 82, "column": 18 }
      },
      "33": {
        "start": { "line": 84, "column": 4 },
        "end": { "line": 84, "column": 21 }
      },
      "34": {
        "start": { "line": 90, "column": 13 },
        "end": { "line": 90, "column": 33 }
      },
      "35": {
        "start": { "line": 91, "column": 21 },
        "end": { "line": 91, "column": 45 }
      },
      "36": {
        "start": { "line": 93, "column": 2 },
        "end": { "line": 97, "column": 4 }
      },
      "37": {
        "start": { "line": 99, "column": 2 },
        "end": { "line": 99, "column": 30 }
      },
      "38": {
        "start": { "line": 100, "column": 14 },
        "end": { "line": 100, "column": 68 }
      },
      "39": {
        "start": { "line": 100, "column": 47 },
        "end": { "line": 100, "column": 67 }
      },
      "40": {
        "start": { "line": 101, "column": 2 },
        "end": { "line": 105, "column": 3 }
      },
      "41": {
        "start": { "line": 102, "column": 4 },
        "end": { "line": 102, "column": 70 }
      },
      "42": {
        "start": { "line": 104, "column": 4 },
        "end": { "line": 104, "column": 35 }
      },
      "43": {
        "start": { "line": 109, "column": 13 },
        "end": { "line": 109, "column": 33 }
      },
      "44": {
        "start": { "line": 110, "column": 21 },
        "end": { "line": 110, "column": 45 }
      },
      "45": {
        "start": { "line": 112, "column": 2 },
        "end": { "line": 115, "column": 4 }
      },
      "46": {
        "start": { "line": 117, "column": 2 },
        "end": { "line": 117, "column": 30 }
      },
      "47": {
        "start": { "line": 118, "column": 14 },
        "end": { "line": 118, "column": 61 }
      },
      "48": {
        "start": { "line": 118, "column": 47 },
        "end": { "line": 118, "column": 60 }
      },
      "49": {
        "start": { "line": 119, "column": 2 },
        "end": { "line": 121, "column": 3 }
      },
      "50": {
        "start": { "line": 120, "column": 4 },
        "end": { "line": 120, "column": 71 }
      },
      "51": {
        "start": { "line": 125, "column": 13 },
        "end": { "line": 125, "column": 33 }
      },
      "52": {
        "start": { "line": 126, "column": 21 },
        "end": { "line": 126, "column": 45 }
      },
      "53": {
        "start": { "line": 128, "column": 2 },
        "end": { "line": 128, "column": 38 }
      },
      "54": {
        "start": { "line": 130, "column": 2 },
        "end": { "line": 130, "column": 30 }
      },
      "55": {
        "start": { "line": 131, "column": 2 },
        "end": { "line": 131, "column": 67 }
      },
      "56": {
        "start": { "line": 131, "column": 52 },
        "end": { "line": 131, "column": 65 }
      },
      "57": {
        "start": { "line": 134, "column": 0 },
        "end": { "line": 146, "column": 2 }
      }
    },
    "fnMap": {
      "0": {
        "name": "generateSecureApiKey",
        "decl": {
          "start": { "line": 14, "column": 9 },
          "end": { "line": 14, "column": 29 }
        },
        "loc": {
          "start": { "line": 14, "column": 32 },
          "end": { "line": 16, "column": 1 }
        },
        "line": 14
      },
      "1": {
        "name": "loadApiKeys",
        "decl": {
          "start": { "line": 19, "column": 15 },
          "end": { "line": 19, "column": 26 }
        },
        "loc": {
          "start": { "line": 19, "column": 29 },
          "end": { "line": 26, "column": 1 }
        },
        "line": 19
      },
      "2": {
        "name": "ensureApiKeysLoaded",
        "decl": {
          "start": { "line": 29, "column": 15 },
          "end": { "line": 29, "column": 34 }
        },
        "loc": {
          "start": { "line": 29, "column": 37 },
          "end": { "line": 33, "column": 1 }
        },
        "line": 29
      },
      "3": {
        "name": "saveApiKeys",
        "decl": {
          "start": { "line": 36, "column": 15 },
          "end": { "line": 36, "column": 26 }
        },
        "loc": {
          "start": { "line": 36, "column": 29 },
          "end": { "line": 47, "column": 1 }
        },
        "line": 36
      },
      "4": {
        "name": "isValidApiKey",
        "decl": {
          "start": { "line": 50, "column": 15 },
          "end": { "line": 50, "column": 28 }
        },
        "loc": {
          "start": { "line": 50, "column": 37 },
          "end": { "line": 59, "column": 1 }
        },
        "line": 50
      },
      "5": {
        "name": "(anonymous_5)",
        "decl": {
          "start": { "line": 57, "column": 42 },
          "end": { "line": 57, "column": 43 }
        },
        "loc": {
          "start": { "line": 57, "column": 47 },
          "end": { "line": 57, "column": 63 }
        },
        "line": 57
      },
      "6": {
        "name": "authenticateApiKey",
        "decl": {
          "start": { "line": 62, "column": 15 },
          "end": { "line": 62, "column": 33 }
        },
        "loc": {
          "start": { "line": 62, "column": 50 },
          "end": { "line": 86, "column": 1 }
        },
        "line": 62
      },
      "7": {
        "name": "addApiKey",
        "decl": {
          "start": { "line": 89, "column": 15 },
          "end": { "line": 89, "column": 24 }
        },
        "loc": {
          "start": { "line": 89, "column": 33 },
          "end": { "line": 106, "column": 1 }
        },
        "line": 89
      },
      "8": {
        "name": "(anonymous_8)",
        "decl": {
          "start": { "line": 100, "column": 42 },
          "end": { "line": 100, "column": 43 }
        },
        "loc": {
          "start": { "line": 100, "column": 47 },
          "end": { "line": 100, "column": 67 }
        },
        "line": 100
      },
      "9": {
        "name": "updateApiKey",
        "decl": {
          "start": { "line": 108, "column": 15 },
          "end": { "line": 108, "column": 27 }
        },
        "loc": {
          "start": { "line": 108, "column": 42 },
          "end": { "line": 122, "column": 1 }
        },
        "line": 108
      },
      "10": {
        "name": "(anonymous_10)",
        "decl": {
          "start": { "line": 118, "column": 42 },
          "end": { "line": 118, "column": 43 }
        },
        "loc": {
          "start": { "line": 118, "column": 47 },
          "end": { "line": 118, "column": 60 }
        },
        "line": 118
      },
      "11": {
        "name": "deleteApiKey",
        "decl": {
          "start": { "line": 124, "column": 15 },
          "end": { "line": 124, "column": 27 }
        },
        "loc": {
          "start": { "line": 124, "column": 33 },
          "end": { "line": 132, "column": 1 }
        },
        "line": 124
      },
      "12": {
        "name": "(anonymous_12)",
        "decl": {
          "start": { "line": 131, "column": 47 },
          "end": { "line": 131, "column": 48 }
        },
        "loc": {
          "start": { "line": 131, "column": 52 },
          "end": { "line": 131, "column": 65 }
        },
        "line": 131
      }
    },
    "branchMap": {
      "0": {
        "loc": {
          "start": { "line": 30, "column": 2 },
          "end": { "line": 32, "column": 3 }
        },
        "type": "if",
        "locations": [
          {
            "start": { "line": 30, "column": 2 },
            "end": { "line": 32, "column": 3 }
          },
          { "start": {}, "end": {} }
        ],
        "line": 30
      },
      "1": {
        "loc": {
          "start": { "line": 51, "column": 2 },
          "end": { "line": 53, "column": 3 }
        },
        "type": "if",
        "locations": [
          {
            "start": { "line": 51, "column": 2 },
            "end": { "line": 53, "column": 3 }
          },
          { "start": {}, "end": {} }
        ],
        "line": 51
      },
      "2": {
        "loc": {
          "start": { "line": 58, "column": 12 },
          "end": { "line": 58, "column": 49 }
        },
        "type": "binary-expr",
        "locations": [
          {
            "start": { "line": 58, "column": 12 },
            "end": { "line": 58, "column": 20 }
          },
          {
            "start": { "line": 58, "column": 24 },
            "end": { "line": 58, "column": 49 }
          }
        ],
        "line": 58
      },
      "3": {
        "loc": {
          "start": { "line": 65, "column": 2 },
          "end": { "line": 70, "column": 3 }
        },
        "type": "if",
        "locations": [
          {
            "start": { "line": 65, "column": 2 },
            "end": { "line": 70, "column": 3 }
          },
          { "start": {}, "end": {} }
        ],
        "line": 65
      },
      "4": {
        "loc": {
          "start": { "line": 75, "column": 4 },
          "end": { "line": 80, "column": 5 }
        },
        "type": "if",
        "locations": [
          {
            "start": { "line": 75, "column": 4 },
            "end": { "line": 80, "column": 5 }
          },
          { "start": {}, "end": {} }
        ],
        "line": 75
      },
      "5": {
        "loc": {
          "start": { "line": 101, "column": 2 },
          "end": { "line": 105, "column": 3 }
        },
        "type": "if",
        "locations": [
          {
            "start": { "line": 101, "column": 2 },
            "end": { "line": 105, "column": 3 }
          },
          {
            "start": { "line": 103, "column": 9 },
            "end": { "line": 105, "column": 3 }
          }
        ],
        "line": 101
      },
      "6": {
        "loc": {
          "start": { "line": 119, "column": 2 },
          "end": { "line": 121, "column": 3 }
        },
        "type": "if",
        "locations": [
          {
            "start": { "line": 119, "column": 2 },
            "end": { "line": 121, "column": 3 }
          },
          { "start": {}, "end": {} }
        ],
        "line": 119
      }
    },
    "s": {
      "0": 12,
      "1": 12,
      "2": 12,
      "3": 12,
      "4": 12,
      "5": 12,
      "6": 1,
      "7": 7,
      "8": 7,
      "9": 7,
      "10": 6,
      "11": 6,
      "12": 6,
      "13": 8,
      "14": 4,
      "15": 1,
      "16": 1,
      "17": 1,
      "18": 2,
      "19": 6,
      "20": 1,
      "21": 5,
      "22": 4,
      "23": 5,
      "24": 4,
      "25": 4,
      "26": 4,
      "27": 1,
      "28": 3,
      "29": 3,
      "30": 2,
      "31": 1,
      "32": 1,
      "33": 1,
      "34": 1,
      "35": 1,
      "36": 1,
      "37": 1,
      "38": 1,
      "39": 1,
      "40": 1,
      "41": 0,
      "42": 1,
      "43": 1,
      "44": 1,
      "45": 1,
      "46": 1,
      "47": 1,
      "48": 1,
      "49": 1,
      "50": 1,
      "51": 1,
      "52": 1,
      "53": 1,
      "54": 1,
      "55": 1,
      "56": 2,
      "57": 12
    },
    "f": {
      "0": 1,
      "1": 7,
      "2": 8,
      "3": 1,
      "4": 6,
      "5": 5,
      "6": 4,
      "7": 1,
      "8": 1,
      "9": 1,
      "10": 1,
      "11": 1,
      "12": 2
    },
    "b": {
      "0": [4, 4],
      "1": [1, 5],
      "2": [4, 3],
      "3": [1, 3],
      "4": [1, 1],
      "5": [0, 1],
      "6": [1, 0]
    },
    "_coverageSchema": "1a1c01bbd47fc00a2c39e90264f33305004495a9",
    "hash": "0f3e30cdf89a42562f38d901f5c9cc946b3700c7"
  },
  "/Users/herfortt/git/github.privat/twicemind/mucajey/mucajey-api/src/server/middleware/passport/local.js": {
    "path": "/Users/herfortt/git/github.privat/twicemind/mucajey/mucajey-api/src/server/middleware/passport/local.js",
    "statementMap": {
      "0": {
        "start": { "line": 2, "column": 2 },
        "end": { "line": 4, "column": 3 }
      },
      "1": {
        "start": { "line": 3, "column": 4 },
        "end": { "line": 3, "column": 18 }
      },
      "2": {
        "start": { "line": 5, "column": 2 },
        "end": { "line": 5, "column": 50 }
      },
      "3": {
        "start": { "line": 9, "column": 2 },
        "end": { "line": 11, "column": 3 }
      },
      "4": {
        "start": { "line": 10, "column": 4 },
        "end": { "line": 10, "column": 58 }
      },
      "5": {
        "start": { "line": 12, "column": 2 },
        "end": { "line": 12, "column": 9 }
      },
      "6": {
        "start": { "line": 15, "column": 0 },
        "end": { "line": 18, "column": 2 }
      }
    },
    "fnMap": {
      "0": {
        "name": "ensureAuthenticated",
        "decl": {
          "start": { "line": 1, "column": 9 },
          "end": { "line": 1, "column": 28 }
        },
        "loc": {
[...]
      "27": [3, 0],
      "28": [3, 2],
      "29": [3, 2],
      "30": [1, 0]
    },
    "_coverageSchema": "1a1c01bbd47fc00a2c39e90264f33305004495a9",
    "hash": "897e4eadee5f63772ae69f940c853a736919333f"
  },
  "/Users/herfortt/git/github.privat/twicemind/mucajey/mucajey-api/src/server/utils/client.mongo.js": {
    "path": "/Users/herfortt/git/github.privat/twicemind/mucajey/mucajey-api/src/server/utils/client.mongo.js",
    "statementMap": {
      "0": {
        "start": { "line": 1, "column": 24 },
        "end": { "line": 1, "column": 42 }
      },
      "1": {
        "start": { "line": 2, "column": 0 },
        "end": { "line": 2, "column": 27 }
      },
      "2": {
        "start": { "line": 5, "column": 2 },
        "end": { "line": 7, "column": 3 }
      },
      "3": {
        "start": { "line": 6, "column": 4 },
        "end": { "line": 6, "column": 83 }
      },
      "4": {
        "start": { "line": 9, "column": 18 },
        "end": { "line": 9, "column": 42 }
      },
      "5": {
        "start": { "line": 10, "column": 18 },
        "end": { "line": 10, "column": 42 }
      },
      "6": {
        "start": { "line": 12, "column": 26 },
        "end": { "line": 14, "column": 8 }
      },
      "7": {
        "start": { "line": 16, "column": 2 },
        "end": { "line": 16, "column": 70 }
      },
      "8": {
        "start": { "line": 19, "column": 13 },
        "end": { "line": 19, "column": 58 }
      },
      "9": {
        "start": { "line": 22, "column": 22 },
        "end": { "line": 32, "column": 1 }
      },
      "10": {
        "start": { "line": 35, "column": 26 },
        "end": { "line": 45, "column": 1 }
      },
      "11": {
        "start": { "line": 51, "column": 2 },
        "end": { "line": 55, "column": 3 }
      },
      "12": {
        "start": { "line": 52, "column": 4 },
        "end": { "line": 52, "column": 55 }
      },
      "13": {
        "start": { "line": 53, "column": 4 },
        "end": { "line": 53, "column": 34 }
      },
      "14": {
        "start": { "line": 54, "column": 4 },
        "end": { "line": 54, "column": 47 }
      },
      "15": {
        "start": { "line": 56, "column": 2 },
        "end": { "line": 56, "column": 48 }
      },
      "16": {
        "start": { "line": 60, "column": 2 },
        "end": { "line": 64, "column": 3 }
      },
      "17": {
        "start": { "line": 61, "column": 4 },
        "end": { "line": 61, "column": 63 }
      },
      "18": {
        "start": { "line": 62, "column": 4 },
        "end": { "line": 62, "column": 38 }
      },
      "19": {
        "start": { "line": 63, "column": 4 },
        "end": { "line": 63, "column": 52 }
      },
      "20": {
        "start": { "line": 65, "column": 2 },
        "end": { "line": 65, "column": 56 }
      },
      "21": {
        "start": { "line": 68, "column": 0 },
        "end": { "line": 71, "column": 2 }
      }
    },
    "fnMap": {
      "0": {
        "name": "buildUri",
        "decl": {
          "start": { "line": 4, "column": 9 },
          "end": { "line": 4, "column": 17 }
        },
        "loc": {
          "start": { "line": 4, "column": 52 },
          "end": { "line": 17, "column": 1 }
        },
        "line": 4
      },
      "1": {
        "name": "getMucajeyDb",
        "decl": {
          "start": { "line": 50, "column": 15 },
          "end": { "line": 50, "column": 27 }
        },
        "loc": {
          "start": { "line": 50, "column": 30 },
          "end": { "line": 57, "column": 1 }
        },
        "line": 50
      },
      "2": {
        "name": "getMucajeyDataDb",
        "decl": {
          "start": { "line": 59, "column": 15 },
          "end": { "line": 59, "column": 31 }
        },
        "loc": {
          "start": { "line": 59, "column": 34 },
          "end": { "line": 66, "column": 1 }
        },
        "line": 59
      }
    },
    "branchMap": {
      "0": {
        "loc": {
          "start": { "line": 5, "column": 2 },
          "end": { "line": 7, "column": 3 }
        },
        "type": "if",
        "locations": [
          {
            "start": { "line": 5, "column": 2 },
            "end": { "line": 7, "column": 3 }
          },
          { "start": {}, "end": {} }
        ],
        "line": 5
      },
      "1": {
        "loc": {
          "start": { "line": 5, "column": 6 },
          "end": { "line": 5, "column": 29 }
        },
        "type": "binary-expr",
        "locations": [
          {
            "start": { "line": 5, "column": 6 },
            "end": { "line": 5, "column": 11 }
          },
          {
            "start": { "line": 5, "column": 15 },
            "end": { "line": 5, "column": 20 }
          },
          {
            "start": { "line": 5, "column": 24 },
            "end": { "line": 5, "column": 29 }
          }
        ],
        "line": 5
      },
      "2": {
        "loc": {
          "start": { "line": 12, "column": 26 },
          "end": { "line": 14, "column": 8 }
        },
        "type": "cond-expr",
        "locations": [
          {
            "start": { "line": 13, "column": 6 },
            "end": { "line": 13, "column": 53 }
          },
          {
            "start": { "line": 14, "column": 6 },
            "end": { "line": 14, "column": 8 }
          }
        ],
        "line": 12
      },
      "3": {
        "loc": {
          "start": { "line": 19, "column": 13 },
          "end": { "line": 19, "column": 58 }
        },
        "type": "binary-expr",
        "locations": [
          {
            "start": { "line": 19, "column": 13 },
            "end": { "line": 19, "column": 37 }
          },
          {
            "start": { "line": 19, "column": 41 },
            "end": { "line": 19, "column": 58 }
          }
        ],
        "line": 19
      },
      "4": {
        "loc": {
          "start": { "line": 24, "column": 4 },
          "end": { "line": 30, "column": 6 }
        },
        "type": "binary-expr",
        "locations": [
          {
            "start": { "line": 24, "column": 4 },
            "end": { "line": 24, "column": 35 }
          },
          {
            "start": { "line": 25, "column": 4 },
            "end": { "line": 30, "column": 6 }
          }
        ],
        "line": 24
      },
      "5": {
        "loc": {
          "start": { "line": 29, "column": 18 },
          "end": { "line": 29, "column": 68 }
        },
        "type": "binary-expr",
        "locations": [
          {
            "start": { "line": 29, "column": 18 },
            "end": { "line": 29, "column": 57 }
          },
          {
            "start": { "line": 29, "column": 61 },
            "end": { "line": 29, "column": 68 }
          }
        ],
        "line": 29
      },
      "6": {
        "loc": {
          "start": { "line": 31, "column": 10 },
          "end": { "line": 31, "column": 53 }
        },
        "type": "binary-expr",
        "locations": [
          {
            "start": { "line": 31, "column": 10 },
            "end": { "line": 31, "column": 40 }
          },
          {
            "start": { "line": 31, "column": 44 },
            "end": { "line": 31, "column": 53 }
          }
        ],
        "line": 31
      },
      "7": {
        "loc": {
          "start": { "line": 37, "column": 4 },
          "end": { "line": 43, "column": 6 }
        },
        "type": "binary-expr",
        "locations": [
          {
            "start": { "line": 37, "column": 4 },
            "end": { "line": 37, "column": 39 }
          },
          {
            "start": { "line": 38, "column": 4 },
            "end": { "line": 43, "column": 6 }
          }
        ],
        "line": 37
      },
      "8": {
        "loc": {
          "start": { "line": 42, "column": 18 },
          "end": { "line": 42, "column": 72 }
        },
        "type": "binary-expr",
        "locations": [
          {
            "start": { "line": 42, "column": 18 },
            "end": { "line": 42, "column": 61 }
          },
          {
            "start": { "line": 42, "column": 65 },
            "end": { "line": 42, "column": 72 }
          }
        ],
        "line": 42
      },
      "9": {
        "loc": {
          "start": { "line": 44, "column": 10 },
          "end": { "line": 44, "column": 62 }
        },
        "type": "binary-expr",
        "locations": [
          {
            "start": { "line": 44, "column": 10 },
            "end": { "line": 44, "column": 44 }
          },
          {
            "start": { "line": 44, "column": 48 },
            "end": { "line": 44, "column": 62 }
          }
        ],
        "line": 44
      },
      "10": {
        "loc": {
          "start": { "line": 51, "column": 2 },
          "end": { "line": 55, "column": 3 }
        },
        "type": "if",
        "locations": [
          {
            "start": { "line": 51, "column": 2 },
            "end": { "line": 55, "column": 3 }
          },
          { "start": {}, "end": {} }
        ],
        "line": 51
      },
      "11": {
        "loc": {
          "start": { "line": 60, "column": 2 },
          "end": { "line": 64, "column": 3 }
        },
        "type": "if",
        "locations": [
          {
            "start": { "line": 60, "column": 2 },
            "end": { "line": 64, "column": 3 }
          },
          { "start": {}, "end": {} }
        ],
        "line": 60
      }
    },
    "s": {
      "0": 1,
      "1": 1,
      "2": 2,
      "3": 0,
      "4": 2,
      "5": 2,
      "6": 2,
      "7": 2,
      "8": 1,
      "9": 1,
      "10": 1,
      "11": 0,
      "12": 0,
      "13": 0,
      "14": 0,
      "15": 0,
      "16": 0,
      "17": 0,
      "18": 0,
      "19": 0,
      "20": 0,
      "21": 1
    },
    "f": { "0": 2, "1": 0, "2": 0 },
    "b": {
      "0": [0, 2],
      "1": [2, 2, 2],
      "2": [2, 0],
      "3": [1, 0],
      "4": [1, 1],
      "5": [1, 0],
      "6": [1, 0],
      "7": [1, 1],
      "8": [1, 0],
      "9": [1, 0],
      "10": [0, 0],
      "11": [0, 0]
    },
    "_coverageSchema": "1a1c01bbd47fc00a2c39e90264f33305004495a9",
    "hash": "48368e6a5778213ed83f5097c3bbbf49628057f2"
  },
  "/Users/herfortt/git/github.privat/twicemind/mucajey/mucajey-api/src/server/utils/result.js": {
    "path": "/Users/herfortt/git/github.privat/twicemind/mucajey/mucajey-api/src/server/utils/result.js",
    "statementMap": {
      "0": {
        "start": { "line": 2, "column": 2 },
        "end": { "line": 4, "column": 3 }
      },
      "1": {
        "start": { "line": 3, "column": 4 },
        "end": { "line": 3, "column": 67 }
      },
      "2": {
        "start": { "line": 8, "column": 2 },
        "end": { "line": 8, "column": 32 }
      },
      "3": {
        "start": { "line": 9, "column": 2 },
        "end": { "line": 9, "column": 30 }
      },
      "4": {
        "start": { "line": 11, "column": 2 },
        "end": { "line": 15, "column": 4 }
      },
      "5": {
        "start": { "line": 19, "column": 2 },
        "end": { "line": 21, "column": 3 }
      },
      "6": {
        "start": { "line": 20, "column": 4 },
        "end": { "line": 20, "column": 53 }
      },
      "7": {
        "start": { "line": 22, "column": 2 },
        "end": { "line": 24, "column": 3 }
      },
      "8": {
        "start": { "line": 23, "column": 4 },
        "end": { "line": 23, "column": 56 }
      },
      "9": {
        "start": { "line": 26, "column": 14 },
        "end": { "line": 30, "column": 3 }
      },
      "10": {
        "start": { "line": 32, "column": 2 },
        "end": { "line": 36, "column": 3 }
      },
      "11": {
        "start": { "line": 33, "column": 4 },
        "end": { "line": 33, "column": 36 }
      },
      "12": {
        "start": { "line": 35, "column": 4 },
        "end": { "line": 35, "column": 18 }
      },
      "13": {
        "start": { "line": 38, "column": 2 },
        "end": { "line": 38, "column": 13 }
      },
      "14": {
        "start": { "line": 42, "column": 2 },
        "end": { "line": 44, "column": 3 }
      },
      "15": {
        "start": { "line": 43, "column": 4 },
        "end": { "line": 43, "column": 51 }
      },
      "16": {
        "start": { "line": 45, "column": 2 },
        "end": { "line": 47, "column": 3 }
      },
      "17": {
        "start": { "line": 46, "column": 4 },
        "end": { "line": 46, "column": 60 }
      },
      "18": {
        "start": { "line": 49, "column": 2 },
        "end": { "line": 53, "column": 4 }
      },
      "19": {
        "start": { "line": 56, "column": 0 },
        "end": { "line": 60, "column": 2 }
      }
    },
    "fnMap": {
      "0": {
        "name": "ensureField",
        "decl": {
          "start": { "line": 1, "column": 9 },
          "end": { "line": 1, "column": 20 }
        },
        "loc": {
          "start": { "line": 1, "column": 40 },
          "end": { "line": 5, "column": 1 }
        },
        "line": 1
      },
      "1": {
        "name": "documentation",
        "decl": {
          "start": { "line": 7, "column": 9 },
          "end": { "line": 7, "column": 22 }
        },
        "loc": {
          "start": { "line": 7, "column": 36 },
          "end": { "line": 16, "column": 1 }
        },
        "line": 7
      },
      "2": {
        "name": "message",
        "decl": {
          "start": { "line": 18, "column": 9 },
          "end": { "line": 18, "column": 16 }
        },
        "loc": {
          "start": { "line": 18, "column": 30 },
          "end": { "line": 39, "column": 1 }
        },
        "line": 18
      },
      "3": {
        "name": "error",
        "decl": {
          "start": { "line": 41, "column": 9 },
          "end": { "line": 41, "column": 14 }
        },
        "loc": {
          "start": { "line": 41, "column": 28 },
          "end": { "line": 54, "column": 1 }
        },
        "line": 41
      }
    },
    "branchMap": {
      "0": {
        "loc": {
          "start": { "line": 2, "column": 2 },
          "end": { "line": 4, "column": 3 }
        },
        "type": "if",
        "locations": [
          {
            "start": { "line": 2, "column": 2 },
            "end": { "line": 4, "column": 3 }
          },
          { "start": {}, "end": {} }
        ],
        "line": 2
      },
      "1": {
        "loc": {
          "start": { "line": 2, "column": 6 },
          "end": { "line": 2, "column": 48 }
        },
        "type": "binary-expr",
        "locations": [
          {
            "start": { "line": 2, "column": 6 },
            "end": { "line": 2, "column": 13 }
          },
          {
            "start": { "line": 2, "column": 17 },
            "end": { "line": 2, "column": 48 }
          }
        ],
        "line": 2
      },
      "2": {
        "loc": {
          "start": { "line": 7, "column": 23 },
          "end": { "line": 7, "column": 34 }
        },
        "type": "default-arg",
        "locations": [
          {
            "start": { "line": 7, "column": 32 },
            "end": { "line": 7, "column": 34 }
          }
        ],
        "line": 7
      },
      "3": {
        "loc": {
          "start": { "line": 14, "column": 17 },
          "end": { "line": 14, "column": 41 }
        },
        "type": "binary-expr",
        "locations": [
          {
            "start": { "line": 14, "column": 17 },
            "end": { "line": 14, "column": 35 }
          },
          {
            "start": { "line": 14, "column": 39 },
            "end": { "line": 14, "column": 41 }
          }
        ],
        "line": 14
      },
      "4": {
        "loc": {
          "start": { "line": 18, "column": 17 },
          "end": { "line": 18, "column": 28 }
        },
        "type": "default-arg",
        "locations": [
          {
            "start": { "line": 18, "column": 26 },
            "end": { "line": 18, "column": 28 }
          }
        ],
        "line": 18
      },
      "5": {
        "loc": {
          "start": { "line": 19, "column": 2 },
          "end": { "line": 21, "column": 3 }
        },
        "type": "if",
        "locations": [
          {
            "start": { "line": 19, "column": 2 },
            "end": { "line": 21, "column": 3 }
          },
          { "start": {}, "end": {} }
        ],
        "line": 19
      },
      "6": {
        "loc": {
          "start": { "line": 22, "column": 2 },
          "end": { "line": 24, "column": 3 }
        },
        "type": "if",
        "locations": [
          {
            "start": { "line": 22, "column": 2 },
            "end": { "line": 24, "column": 3 }
          },
          { "start": {}, "end": {} }
        ],
        "line": 22
      },
      "7": {
        "loc": {
          "start": { "line": 29, "column": 11 },
          "end": { "line": 29, "column": 29 }
        },
        "type": "binary-expr",
        "locations": [
          {
            "start": { "line": 29, "column": 11 },
            "end": { "line": 29, "column": 23 }
          },
          {
            "start": { "line": 29, "column": 27 },
            "end": { "line": 29, "column": 29 }
          }
        ],
        "line": 29
      },
      "8": {
        "loc": {
          "start": { "line": 32, "column": 2 },
          "end": { "line": 36, "column": 3 }
        },
        "type": "if",
        "locations": [
          {
            "start": { "line": 32, "column": 2 },
            "end": { "line": 36, "column": 3 }
          },
          {
            "start": { "line": 34, "column": 9 },
            "end": { "line": 36, "column": 3 }
          }
        ],
        "line": 32
      },
      "9": {
        "loc": {
          "start": { "line": 41, "column": 15 },
          "end": { "line": 41, "column": 26 }
        },
        "type": "default-arg",
        "locations": [
          {
            "start": { "line": 41, "column": 24 },
            "end": { "line": 41, "column": 26 }
          }
        ],
        "line": 41
      },
      "10": {
        "loc": {
          "start": { "line": 42, "column": 2 },
          "end": { "line": 44, "column": 3 }
        },
        "type": "if",
        "locations": [
          {
            "start": { "line": 42, "column": 2 },
            "end": { "line": 44, "column": 3 }
          },
          { "start": {}, "end": {} }
        ],
        "line": 42
      },
      "11": {
        "loc": {
          "start": { "line": 45, "column": 2 },
          "end": { "line": 47, "column": 3 }
        },
        "type": "if",
        "locations": [
          {
            "start": { "line": 45, "column": 2 },
            "end": { "line": 47, "column": 3 }
          },
          { "start": {}, "end": {} }
        ],
        "line": 45
      },
      "12": {
        "loc": {
          "start": { "line": 52, "column": 13 },
          "end": { "line": 52, "column": 33 }
        },
        "type": "binary-expr",
        "locations": [
          {
            "start": { "line": 52, "column": 13 },
            "end": { "line": 52, "column": 27 }
          },
          {
            "start": { "line": 52, "column": 31 },
            "end": { "line": 52, "column": 33 }
          }
        ],
        "line": 52
      }
    },
    "s": {
      "0": 33,
      "1": 2,
      "2": 17,
      "3": 16,
      "4": 15,
      "5": 17,
      "6": 1,
      "7": 16,
      "8": 1,
      "9": 15,
      "10": 15,
      "11": 14,
      "12": 1,
      "13": 15,
      "14": 3,
      "15": 1,
      "16": 2,
      "17": 1,
      "18": 1,
      "19": 6
    },
    "f": { "0": 33, "1": 17, "2": 17, "3": 3 },
    "b": {
      "0": [2, 31],
      "1": [33, 33],
      "2": [0],
      "3": [15, 0],
      "4": [0],
      "5": [1, 16],
      "6": [1, 15],
      "7": [15, 14],
      "8": [14, 1],
      "9": [0],
      "10": [1, 2],
      "11": [1, 1],
      "12": [1, 0]
    },
    "_coverageSchema": "1a1c01bbd47fc00a2c39e90264f33305004495a9",
    "hash": "3a61ef361b53e7d488202a7465fafee8d370148a"
  }
}
