TN:
SF:src/server/config.js
FN:5,(anonymous_0)
FN:8,(anonymous_1)
FNF:2
FNH:2
FNDA:1,(anonymous_0)
FNDA:1,(anonymous_1)
DA:1,1
DA:3,1
DA:5,1
DA:6,1
DA:8,1
DA:11,1
LF:6
LH:6
BRDA:6,0,0,1
BRDA:6,0,1,0
BRDA:12,1,0,1
BRDA:12,1,1,0
BRDA:21,2,0,1
BRDA:21,2,1,0
BRDA:22,3,0,1
BRDA:22,3,1,0
BRDA:23,4,0,1
BRDA:23,4,1,0
BRDA:24,5,0,1
BRDA:24,5,1,0
BRDA:25,6,0,1
BRDA:25,6,1,1
BRDA:26,7,0,1
BRDA:26,7,1,0
BRDA:27,8,0,1
BRDA:27,8,1,1
BRF:18
BRH:11
end_of_record
TN:
SF:src/server/middleware/mongo/cache.card.js
FN:7,initCardCollection
FN:14,deepCopy
FN:18,normalizeCard
FN:29,listCards
FN:36,readCardsByEdition
FN:43,writeCardsForEdition
FN:50,(anonymous_6)
FN:60,writeCardForEdition
FN:70,deleteCardByEdition
FN:75,deleteCardsForEdition
FN:80,updateCardByEdition
FN:95,cardCacheMiddleware
FN:97,(anonymous_12)
FN:98,(anonymous_13)
FN:99,(anonymous_14)
FN:100,(anonymous_15)
FN:101,(anonymous_16)
FN:102,(anonymous_17)
FN:103,(anonymous_18)
FNF:19
FNH:8
FNDA:5,initCardCollection
FNDA:4,deepCopy
FNDA:2,normalizeCard
FNDA:1,listCards
FNDA:1,readCardsByEdition
FNDA:0,writeCardsForEdition
FNDA:0,(anonymous_6)
FNDA:1,writeCardForEdition
FNDA:1,deleteCardByEdition
FNDA:0,deleteCardsForEdition
FNDA:1,updateCardByEdition
FNDA:0,cardCacheMiddleware
FNDA:0,(anonymous_12)
FNDA:0,(anonymous_13)
FNDA:0,(anonymous_14)
FNDA:0,(anonymous_15)
FNDA:0,(anonymous_16)
FNDA:0,(anonymous_17)
FNDA:0,(anonymous_18)
DA:2,1
DA:8,5
DA:9,1
DA:10,1
DA:15,4
DA:19,2
DA:20,0
DA:23,2
DA:24,2
DA:25,2
DA:30,1
DA:31,1
DA:32,1
DA:37,1
DA:38,1
DA:39,1
DA:44,0
DA:46,0
DA:48,0
DA:49,0
DA:50,0
DA:57,0
DA:61,1
DA:62,1
DA:66,1
DA:67,1
DA:71,1
DA:72,1
DA:76,0
DA:77,0
DA:81,1
DA:82,1
DA:87,1
DA:92,1
DA:96,0
DA:97,0
DA:98,0
DA:99,0
DA:100,0
DA:101,0
DA:102,0
DA:103,0
DA:105,0
DA:108,1
LF:44
LH:26
BRDA:8,0,0,1
BRDA:8,0,1,4
BRDA:15,1,0,0
BRDA:15,1,1,4
BRDA:19,2,0,0
BRDA:19,2,1,2
BRDA:48,3,0,0
BRDA:48,3,1,0
BRDA:48,4,0,0
BRDA:48,4,1,0
BRF:10
BRH:4
end_of_record
TN:
SF:src/server/middleware/mongo/cache.edition.js
FN:10,initEditionCollection
FN:17,deepCopy
FN:21,sanitizeFilename
FN:26,getEditionIdentifierFromFilename
FN:32,listEditions
FN:36,(anonymous_5)
FN:37,(anonymous_6)
FN:41,readEdition
FN:59,writeEdition
FN:81,deleteEdition
FN:87,editionCacheMiddleware
FN:89,(anonymous_11)
FN:90,(anonymous_12)
FN:91,(anonymous_13)
FN:92,(anonymous_14)
FNF:15
FNH:10
FNDA:5,initEditionCollection
FNDA:2,deepCopy
FNDA:4,sanitizeFilename
FNDA:4,getEditionIdentifierFromFilename
FNDA:1,listEditions
FNDA:1,(anonymous_5)
FNDA:1,(anonymous_6)
FNDA:2,readEdition
FNDA:1,writeEdition
FNDA:1,deleteEdition
FNDA:0,editionCacheMiddleware
FNDA:0,(anonymous_11)
FNDA:0,(anonymous_12)
FNDA:0,(anonymous_13)
FNDA:0,(anonymous_14)
DA:2,1
DA:3,1
DA:5,1
DA:11,5
DA:12,1
DA:13,1
DA:18,2
DA:22,4
DA:23,4
DA:27,4
DA:28,4
DA:33,1
DA:34,1
DA:35,1
DA:36,1
DA:37,1
DA:42,2
DA:43,2
DA:45,2
DA:47,2
DA:49,2
DA:50,2
DA:52,2
DA:60,1
DA:62,1
DA:63,1
DA:65,1
DA:77,1
DA:82,1
DA:83,1
DA:84,1
DA:88,0
DA:89,0
DA:90,0
DA:91,0
DA:92,0
DA:94,0
DA:97,1
LF:38
LH:32
BRDA:11,0,0,1
BRDA:11,0,1,4
BRDA:18,1,0,0
BRDA:18,1,1,2
BRDA:22,2,0,0
BRDA:22,2,1,4
BRDA:47,3,0,0
BRDA:47,3,1,2
BRDA:54,4,0,2
BRDA:54,4,1,0
BRDA:54,4,2,0
BRDA:63,5,0,1
BRDA:63,5,1,0
BRF:13
BRH:7
end_of_record
TN:
SF:src/server/middleware/mongo/cache.service.js
FN:7,initServiceCollection
FN:14,deepCopy
FN:19,listServices
FN:26,readServiceByKey
FN:33,writeServices
FN:58,writeService
FN:75,deleteServiceByKey
FN:81,deleteAllServices
FN:87,updateServiceByKey
FN:99,serviceCacheMiddleware
FN:101,(anonymous_10)
FN:102,(anonymous_11)
FN:103,(anonymous_12)
FN:104,(anonymous_13)
FN:105,(anonymous_14)
FN:106,(anonymous_15)
FN:107,(anonymous_16)
FNF:17
FNH:7
FNDA:6,initServiceCollection
FNDA:3,deepCopy
FNDA:1,listServices
FNDA:2,readServiceByKey
FNDA:0,writeServices
FNDA:1,writeService
FNDA:1,deleteServiceByKey
FNDA:0,deleteAllServices
FNDA:1,updateServiceByKey
FNDA:0,serviceCacheMiddleware
FNDA:0,(anonymous_10)
FNDA:0,(anonymous_11)
FNDA:0,(anonymous_12)
FNDA:0,(anonymous_13)
FNDA:0,(anonymous_14)
FNDA:0,(anonymous_15)
FNDA:0,(anonymous_16)
DA:2,13
DA:8,6
DA:9,1
DA:10,1
DA:15,3
DA:20,1
DA:21,1
DA:22,1
DA:27,2
DA:28,2
DA:29,2
DA:34,0
DA:36,0
DA:37,0
DA:40,0
DA:41,0
DA:44,0
DA:47,0
DA:54,0
DA:59,1
DA:61,1
DA:62,0
DA:65,1
DA:71,1
DA:76,1
DA:77,1
DA:82,0
DA:83,0
DA:88,1
DA:90,1
DA:95,1
DA:100,0
DA:101,0
DA:102,0
DA:103,0
DA:104,0
DA:105,0
DA:106,0
DA:107,0
DA:109,0
DA:112,13
LF:41
LH:21
BRDA:8,0,0,1
BRDA:8,0,1,5
BRDA:15,1,0,0
BRDA:15,1,1,3
BRDA:36,2,0,0
BRDA:36,2,1,0
BRDA:36,3,0,0
BRDA:36,3,1,0
BRDA:41,4,0,0
BRDA:41,4,1,0
BRDA:61,5,0,0
BRDA:61,5,1,1
BRDA:61,6,0,1
BRDA:61,6,1,1
BRF:14
BRH:6
end_of_record
TN:
SF:src/server/middleware/mongo/cache.user.js
FN:7,initUserCollection
FN:14,deepCopy
FN:21,listUsers
FN:30,readUserByUsername
FN:39,writeUsers
FN:64,writeUser
FN:83,updateUser
FN:97,deleteUser
FN:105,deleteAllUsers
FN:113,userCacheMiddleware
FN:115,(anonymous_10)
FN:116,(anonymous_11)
FN:117,(anonymous_12)
FN:118,(anonymous_13)
FN:119,(anonymous_14)
FN:120,(anonymous_15)
FN:121,(anonymous_16)
FNF:17
FNH:7
FNDA:6,initUserCollection
FNDA:3,deepCopy
FNDA:1,listUsers
FNDA:2,readUserByUsername
FNDA:0,writeUsers
FNDA:1,writeUser
FNDA:1,updateUser
FNDA:1,deleteUser
FNDA:0,deleteAllUsers
FNDA:0,userCacheMiddleware
FNDA:0,(anonymous_10)
FNDA:0,(anonymous_11)
FNDA:0,(anonymous_12)
FNDA:0,(anonymous_13)
FNDA:0,(anonymous_14)
FNDA:0,(anonymous_15)
FNDA:0,(anonymous_16)
DA:2,14
DA:8,6
DA:9,1
DA:10,1
DA:15,3
DA:22,1
DA:23,1
DA:24,1
DA:31,2
DA:32,2
DA:33,2
DA:40,0
DA:42,0
DA:43,0
DA:46,0
DA:47,0
DA:48,0
DA:51,0
DA:58,0
DA:65,1
DA:67,1
DA:68,0
DA:71,1
DA:77,1
DA:84,1
DA:86,1
DA:91,1
DA:98,1
DA:99,1
DA:106,0
DA:107,0
DA:114,0
DA:115,0
DA:116,0
DA:117,0
DA:118,0
DA:119,0
DA:120,0
DA:121,0
DA:123,0
DA:126,14
LF:41
LH:21
BRDA:8,0,0,1
BRDA:8,0,1,5
BRDA:15,1,0,0
BRDA:15,1,1,3
BRDA:42,2,0,0
BRDA:42,2,1,0
BRDA:42,3,0,0
BRDA:42,3,1,0
BRDA:47,4,0,0
BRDA:47,4,1,0
BRDA:67,5,0,0
BRDA:67,5,1,1
BRDA:67,6,0,1
BRDA:67,6,1,1
BRF:14
BRH:6
end_of_record
TN:
SF:src/server/middleware/mucajey/auth.js
FN:14,generateSecureApiKey
FN:19,loadApiKeys
FN:29,ensureApiKeysLoaded
FN:36,saveApiKeys
FN:50,isValidApiKey
FN:57,(anonymous_5)
FN:62,authenticateApiKey
FN:89,addApiKey
FN:100,(anonymous_8)
FN:108,updateApiKey
FN:118,(anonymous_10)
FN:124,deleteApiKey
FN:131,(anonymous_12)
FNF:13
FNH:13
FNDA:1,generateSecureApiKey
FNDA:7,loadApiKeys
FNDA:8,ensureApiKeysLoaded
FNDA:1,saveApiKeys
FNDA:6,isValidApiKey
FNDA:5,(anonymous_5)
FNDA:4,authenticateApiKey
FNDA:1,addApiKey
FNDA:1,(anonymous_8)
FNDA:1,updateApiKey
FNDA:1,(anonymous_10)
FNDA:1,deleteApiKey
FNDA:2,(anonymous_12)
DA:1,12
DA:2,12
DA:3,12
DA:4,12
DA:5,12
DA:8,12
DA:15,1
DA:20,7
DA:21,7
DA:22,7
DA:23,6
DA:24,6
DA:25,6
DA:30,8
DA:31,4
DA:37,1
DA:38,1
DA:40,1
DA:41,2
DA:51,6
DA:52,1
DA:55,5
DA:57,5
DA:58,4
DA:63,4
DA:65,4
DA:66,1
DA:72,3
DA:73,3
DA:75,2
DA:76,1
DA:82,1
DA:84,1
DA:90,1
DA:91,1
DA:93,1
DA:99,1
DA:100,1
DA:101,1
DA:102,0
DA:104,1
DA:109,1
DA:110,1
DA:112,1
DA:117,1
DA:118,1
DA:119,1
DA:120,1
DA:125,1
DA:126,1
DA:128,1
DA:130,1
DA:131,2
DA:134,12
LF:54
LH:53
BRDA:30,0,0,4
BRDA:30,0,1,4
BRDA:51,1,0,1
BRDA:51,1,1,5
BRDA:58,2,0,4
BRDA:58,2,1,3
BRDA:65,3,0,1
BRDA:65,3,1,3
BRDA:75,4,0,1
BRDA:75,4,1,1
BRDA:101,5,0,0
BRDA:101,5,1,1
BRDA:119,6,0,1
BRDA:119,6,1,0
BRF:14
BRH:12
end_of_record
TN:
SF:src/server/middleware/passport/local.js
FN:1,ensureAuthenticated
FN:8,ensureAdmin
FNF:2
FNH:2
FNDA:4,ensureAuthenticated
FNDA:8,ensureAdmin
DA:2,4
DA:3,4
DA:5,0
DA:9,8
DA:10,0
DA:12,8
DA:15,1
LF:7
LH:5
BRDA:2,0,0,4
BRDA:2,0,1,0
BRDA:9,1,0,0
BRDA:9,1,1,8
BRDA:9,2,0,8
BRDA:9,2,1,8
BRF:6
BRH:4
end_of_record
TN:
SF:src/server/routes/health.js
FN:6,(anonymous_0)
FNF:1
FNH:1
FNDA:1,(anonymous_0)
DA:1,1
DA:2,1
DA:3,1
DA:6,1
DA:7,1
DA:13,1
DA:23,1
DA:26,1
LF:8
LH:8
BRF:0
BRH:0
end_of_record
TN:
SF:src/server/routes/v2/auth.js
FN:7,(anonymous_0)
FN:9,(anonymous_1)
FN:11,(anonymous_2)
FN:16,(anonymous_3)
FN:22,(anonymous_4)
FN:27,(anonymous_5)
FN:31,canonicalType
FN:38,(anonymous_7)
FN:45,(anonymous_8)
FN:54,(anonymous_9)
FN:62,(anonymous_10)
FN:78,(anonymous_11)
FN:86,(anonymous_12)
FN:105,(anonymous_13)
FN:112,(anonymous_14)
FN:121,(anonymous_15)
FN:129,(anonymous_16)
FN:136,(anonymous_17)
FN:144,(anonymous_18)
FNF:19
FNH:19
FNDA:14,(anonymous_0)
FNDA:4,(anonymous_1)
FNDA:2,(anonymous_2)
FNDA:2,(anonymous_3)
FNDA:1,(anonymous_4)
FNDA:2,(anonymous_5)
FNDA:2,canonicalType
FNDA:2,(anonymous_7)
FNDA:1,(anonymous_8)
FNDA:3,(anonymous_9)
FNDA:1,(anonymous_10)
FNDA:4,(anonymous_11)
FNDA:3,(anonymous_12)
FNDA:1,(anonymous_13)
FNDA:1,(anonymous_14)
FNDA:1,(anonymous_15)
FNDA:1,(anonymous_16)
FNDA:3,(anonymous_17)
FNDA:4,(anonymous_18)
DA:1,1
DA:2,1
DA:3,1
DA:4,1
DA:5,1
DA:7,1
DA:8,14
DA:9,1
DA:10,4
DA:11,1
DA:12,2
DA:13,0
DA:15,2
DA:16,2
DA:17,2
DA:18,2
DA:19,2
DA:20,2
DA:22,1
DA:23,1
DA:24,0
DA:26,1
DA:27,2
DA:28,1
DA:32,2
DA:33,2
DA:35,0
DA:38,1
DA:39,2
DA:40,1
DA:42,1
DA:45,1
DA:46,1
DA:47,1
DA:48,1
DA:50,0
DA:54,1
DA:55,3
DA:56,3
DA:57,1
DA:60,2
DA:61,2
DA:62,2
DA:63,1
DA:66,1
DA:67,1
DA:71,1
DA:72,1
DA:74,0
DA:78,1
DA:79,4
DA:80,4
DA:81,1
DA:84,3
DA:85,3
DA:86,3
DA:87,3
DA:88,0
DA:91,3
DA:92,3
DA:93,1
DA:96,2
DA:97,2
DA:98,1
DA:102,1
DA:103,1
DA:104,1
DA:105,1
DA:106,1
DA:108,0
DA:112,1
DA:113,1
DA:114,1
DA:115,1
DA:116,0
DA:119,1
DA:120,1
DA:121,1
DA:122,1
DA:123,0
DA:126,1
DA:127,1
DA:128,1
DA:129,1
DA:130,1
DA:132,0
DA:136,1
DA:137,3
DA:138,3
DA:139,1
DA:142,2
DA:143,2
DA:144,4
DA:145,2
DA:146,1
DA:149,1
DA:150,1
DA:152,0
DA:156,1
LF:99
LH:88
BRDA:3,0,0,1
BRDA:3,0,1,0
BRDA:8,1,0,14
BRDA:8,1,1,0
BRDA:10,2,0,4
BRDA:10,2,1,0
BRDA:12,3,0,0
BRDA:12,3,1,2
BRDA:17,4,0,0
BRDA:17,4,1,2
BRDA:23,5,0,0
BRDA:23,5,1,1
BRDA:32,6,0,2
BRDA:32,6,1,0
BRDA:35,7,0,0
BRDA:35,7,1,0
BRDA:39,8,0,1
BRDA:39,8,1,1
BRDA:55,9,0,3
BRDA:55,9,1,0
BRDA:56,10,0,1
BRDA:56,10,1,2
BRDA:56,11,0,3
BRDA:56,11,1,3
BRDA:62,12,0,1
BRDA:62,12,1,1
BRDA:79,13,0,4
BRDA:79,13,1,0
BRDA:80,14,0,1
BRDA:80,14,1,3
BRDA:87,15,0,0
BRDA:87,15,1,3
BRDA:91,16,0,3
BRDA:91,16,1,0
BRDA:92,17,0,1
BRDA:92,17,1,2
BRDA:97,18,0,1
BRDA:97,18,1,1
BRDA:114,19,0,1
BRDA:114,19,1,0
BRDA:115,20,0,0
BRDA:115,20,1,1
BRDA:122,21,0,0
BRDA:122,21,1,1
BRDA:138,22,0,1
BRDA:138,22,1,2
BRDA:145,23,0,1
BRDA:145,23,1,1
BRF:48
BRH:32
end_of_record
TN:
SF:src/server/routes/v2/card.js
FN:11,normalizeEditionInput
FN:29,buildEditionMetaMap
FN:64,normalizeCardForResponse
FN:86,getNormalizedCards
FN:92,(anonymous_4)
FN:95,getNormalizedCardsByEdition
FN:101,(anonymous_6)
FN:104,findNormalizedCard
FN:106,(anonymous_8)
FN:109,(anonymous_9)
FN:123,(anonymous_10)
FN:140,(anonymous_11)
FN:168,(anonymous_12)
FN:178,(anonymous_13)
FN:187,(anonymous_14)
FN:197,(anonymous_15)
FN:206,(anonymous_16)
FN:216,(anonymous_17)
FN:225,(anonymous_18)
FN:243,(anonymous_19)
FN:253,(anonymous_20)
FN:262,(anonymous_21)
FN:272,(anonymous_22)
FN:273,(anonymous_23)
FN:287,(anonymous_24)
FN:341,(anonymous_25)
FN:359,(anonymous_26)
FN:433,(anonymous_27)
FN:468,(anonymous_28)
FNF:29
FNH:14
FNDA:1,normalizeEditionInput
FNDA:6,buildEditionMetaMap
FNDA:7,normalizeCardForResponse
FNDA:1,getNormalizedCards
FNDA:2,(anonymous_4)
FNDA:3,getNormalizedCardsByEdition
FNDA:3,(anonymous_6)
FNDA:3,findNormalizedCard
FNDA:3,(anonymous_8)
FNDA:0,(anonymous_9)
FNDA:1,(anonymous_10)
FNDA:1,(anonymous_11)
FNDA:0,(anonymous_12)
FNDA:0,(anonymous_13)
FNDA:0,(anonymous_14)
FNDA:0,(anonymous_15)
FNDA:0,(anonymous_16)
FNDA:0,(anonymous_17)
FNDA:0,(anonymous_18)
FNDA:0,(anonymous_19)
FNDA:0,(anonymous_20)
FNDA:0,(anonymous_21)
FNDA:0,(anonymous_22)
FNDA:0,(anonymous_23)
FNDA:1,(anonymous_24)
FNDA:0,(anonymous_25)
FNDA:0,(anonymous_26)
FNDA:1,(anonymous_27)
FNDA:1,(anonymous_28)
DA:1,1
DA:2,1
DA:3,1
DA:4,1
DA:5,1
DA:7,1
DA:9,1
DA:12,1
DA:13,0
DA:14,0
DA:15,0
DA:18,1
DA:19,1
DA:20,1
DA:23,1
DA:26,0
DA:30,6
DA:32,6
DA:33,6
DA:34,6
DA:36,0
DA:37,0
DA:40,6
DA:41,0
DA:44,6
DA:45,12
DA:46,12
DA:47,12
DA:48,0
DA:51,12
DA:52,12
DA:57,0
DA:61,6
DA:65,7
DA:66,0
DA:69,7
DA:70,7
DA:72,7
DA:74,7
DA:75,7
DA:76,7
DA:78,7
DA:87,1
DA:92,2
DA:96,3
DA:101,3
DA:105,3
DA:106,3
DA:109,1
DA:110,0
DA:115,0
DA:120,0
DA:123,1
DA:124,1
DA:130,1
DA:132,1
DA:137,1
DA:140,1
DA:141,1
DA:143,1
DA:149,1
DA:151,1
DA:152,1
DA:157,1
DA:159,0
DA:164,0
DA:168,1
DA:169,0
DA:171,0
DA:177,0
DA:178,0
DA:179,0
DA:184,0
DA:187,1
DA:188,0
DA:190,0
DA:196,0
DA:197,0
DA:198,0
DA:203,0
DA:206,1
DA:207,0
DA:209,0
DA:215,0
DA:216,0
DA:217,0
DA:222,0
DA:225,1
DA:226,0
DA:228,0
DA:234,0
DA:235,0
DA:240,0
DA:243,1
DA:244,0
DA:246,0
DA:252,0
DA:253,0
DA:254,0
DA:259,0
DA:262,1
DA:263,0
DA:265,0
DA:271,0
DA:272,0
DA:273,0
DA:274,0
DA:279,0
DA:284,0
DA:287,1
DA:288,1
DA:290,1
DA:296,1
DA:297,0
DA:301,0
DA:303,1
DA:304,0
DA:308,0
DA:311,1
DA:312,1
DA:314,1
DA:326,1
DA:327,1
DA:332,1
DA:338,1
DA:341,1
DA:342,0
DA:343,0
DA:345,0
DA:351,0
DA:352,0
DA:358,0
DA:359,0
DA:361,0
DA:362,0
DA:368,0
DA:370,0
DA:371,0
DA:377,0
DA:379,0
DA:380,0
DA:391,0
DA:393,0
DA:394,0
DA:400,0
DA:402,0
DA:406,0
DA:411,0
DA:412,0
DA:413,0
DA:418,0
DA:424,0
DA:425,0
DA:433,1
DA:434,1
DA:436,1
DA:442,1
DA:444,1
DA:445,0
DA:449,0
DA:452,1
DA:453,1
DA:454,1
DA:459,1
DA:465,1
DA:468,1
DA:469,1
DA:471,1
DA:477,1
DA:479,1
DA:480,0
DA:484,0
DA:487,1
DA:489,1
DA:493,1
DA:496,1
LF:176
LH:89
BRDA:12,0,0,0
BRDA:12,0,1,1
BRDA:18,1,0,1
BRDA:18,1,1,0
BRDA:20,2,0,0
BRDA:20,2,1,1
BRDA:40,3,0,0
BRDA:40,3,1,6
BRDA:47,4,0,0
BRDA:47,4,1,12
BRDA:51,5,0,12
BRDA:51,5,1,0
BRDA:54,6,0,12
BRDA:54,6,1,0
BRDA:65,7,0,0
BRDA:65,7,1,7
BRDA:72,8,0,7
BRDA:72,8,1,0
BRDA:72,8,2,0
BRDA:75,9,0,7
BRDA:75,9,1,0
BRDA:75,10,0,0
BRDA:75,10,1,0
BRDA:76,11,0,7
BRDA:76,11,1,0
BRDA:76,11,2,0
BRDA:151,12,0,1
BRDA:151,12,1,0
BRDA:274,13,0,0
BRDA:274,13,1,0
BRDA:296,14,0,0
BRDA:296,14,1,1
BRDA:296,15,0,1
BRDA:296,15,1,1
BRDA:303,16,0,0
BRDA:303,16,1,1
BRDA:303,17,0,1
BRDA:303,17,1,1
BRDA:303,17,2,1
BRDA:303,17,3,1
BRDA:317,18,0,1
BRDA:317,18,1,0
BRDA:322,19,0,1
BRDA:322,19,1,1
BRDA:323,20,0,1
BRDA:323,20,1,1
BRDA:328,21,0,1
BRDA:328,21,1,0
BRDA:343,22,0,0
BRDA:343,22,1,0
BRDA:351,23,0,0
BRDA:351,23,1,0
BRDA:361,24,0,0
BRDA:361,24,1,0
BRDA:370,25,0,0
BRDA:370,25,1,0
BRDA:391,26,0,0
BRDA:391,26,1,0
BRDA:393,27,0,0
BRDA:393,27,1,0
BRDA:402,28,0,0
BRDA:402,28,1,0
BRDA:402,28,2,0
BRDA:414,29,0,0
BRDA:414,29,1,0
BRDA:444,30,0,0
BRDA:444,30,1,1
BRDA:455,31,0,1
BRDA:455,31,1,0
BRDA:479,32,0,0
BRDA:479,32,1,1
BRF:71
BRH:29
end_of_record
TN:
SF:src/server/routes/v2/edition.js
FN:11,resolveEditionFilename
FN:21,(anonymous_1)
FN:27,(anonymous_2)
FN:34,(anonymous_3)
FN:44,(anonymous_4)
FN:58,(anonymous_5)
FN:68,(anonymous_6)
FN:94,(anonymous_7)
FN:155,(anonymous_8)
FN:189,(anonymous_9)
FN:232,(anonymous_10)
FNF:11
FNH:8
FNDA:3,resolveEditionFilename
FNDA:3,(anonymous_1)
FNDA:0,(anonymous_2)
FNDA:0,(anonymous_3)
FNDA:0,(anonymous_4)
FNDA:1,(anonymous_5)
FNDA:1,(anonymous_6)
FNDA:1,(anonymous_7)
FNDA:1,(anonymous_8)
FNDA:1,(anonymous_9)
FNDA:1,(anonymous_10)
DA:1,1
DA:2,1
DA:7,1
DA:9,1
DA:12,3
DA:13,0
DA:16,3
DA:17,3
DA:19,3
DA:21,3
DA:22,3
DA:23,3
DA:26,0
DA:27,0
DA:29,0
DA:30,0
DA:33,0
DA:35,0
DA:37,0
DA:38,0
DA:41,0
DA:44,1
DA:45,0
DA:50,0
DA:55,0
DA:58,1
DA:59,1
DA:65,1
DA:67,1
DA:69,1
DA:70,1
DA:71,1
DA:73,1
DA:85,1
DA:91,1
DA:94,1
DA:103,1
DA:105,1
DA:111,1
DA:112,0
DA:116,0
DA:119,1
DA:123,1
DA:124,1
DA:125,0
DA:129,0
DA:133,1
DA:135,1
DA:144,1
DA:146,1
DA:152,1
DA:155,1
DA:156,1
DA:162,1
DA:164,1
DA:165,0
DA:169,0
DA:172,1
DA:173,1
DA:174,0
DA:178,0
DA:181,1
DA:186,1
DA:189,1
DA:190,1
DA:192,1
DA:198,1
DA:199,0
DA:203,0
DA:206,1
DA:207,1
DA:208,0
DA:212,0
DA:215,1
DA:220,1
DA:221,1
DA:223,1
DA:229,1
DA:232,1
DA:233,1
DA:235,1
DA:241,1
DA:242,0
DA:246,0
DA:249,1
DA:251,1
DA:252,1
DA:253,1
DA:254,1
DA:257,0
DA:258,0
DA:262,0
DA:265,1
DA:270,1
DA:273,1
LF:95
LH:65
BRDA:12,0,0,0
BRDA:12,0,1,3
BRDA:17,1,0,0
BRDA:17,1,1,3
BRDA:22,2,0,3
BRDA:22,2,1,0
BRDA:29,3,0,0
BRDA:29,3,1,0
BRDA:37,4,0,0
BRDA:37,4,1,0
BRDA:69,5,0,1
BRDA:69,5,1,0
BRDA:70,6,0,1
BRDA:70,6,1,0
BRDA:75,7,0,1
BRDA:75,7,1,0
BRDA:76,8,0,1
BRDA:76,8,1,0
BRDA:77,9,0,1
BRDA:77,9,1,0
BRDA:78,10,0,1
BRDA:78,10,1,0
BRDA:80,11,0,1
BRDA:80,11,1,0
BRDA:111,12,0,0
BRDA:111,12,1,1
BRDA:111,13,0,1
BRDA:111,13,1,0
BRDA:119,14,0,1
BRDA:119,14,1,0
BRDA:124,15,0,0
BRDA:124,15,1,1
BRDA:133,16,0,1
BRDA:133,16,1,0
BRDA:137,17,0,1
BRDA:137,17,1,1
BRDA:138,18,0,1
BRDA:138,18,1,1
BRDA:139,19,0,1
BRDA:139,19,1,1
BRDA:140,20,0,1
BRDA:140,20,1,1
BRDA:141,21,0,0
BRDA:141,21,1,1
BRDA:164,22,0,0
BRDA:164,22,1,1
BRDA:173,23,0,0
BRDA:173,23,1,1
BRDA:198,24,0,0
BRDA:198,24,1,1
BRDA:207,25,0,0
BRDA:207,25,1,1
BRDA:241,26,0,0
BRDA:241,26,1,1
BRDA:253,27,0,1
BRDA:253,27,1,0
BRF:56
BRH:30
end_of_record
TN:
SF:src/server/routes/v2/login.js
FN:5,(anonymous_0)
FN:6,(anonymous_1)
FN:14,(anonymous_2)
FN:23,(anonymous_3)
FN:24,(anonymous_4)
FN:29,(anonymous_5)
FNF:6
FNH:6
FNDA:3,(anonymous_0)
FNDA:3,(anonymous_1)
FNDA:2,(anonymous_2)
FNDA:2,(anonymous_3)
FNDA:2,(anonymous_4)
FNDA:1,(anonymous_5)
DA:1,1
DA:2,1
DA:3,1
DA:5,1
DA:6,3
DA:7,3
DA:8,0
DA:10,3
DA:11,1
DA:14,2
DA:15,2
DA:16,1
DA:18,1
DA:23,1
DA:24,2
DA:25,2
DA:26,1
DA:28,1
DA:29,1
DA:31,0
DA:36,1
LF:21
LH:19
BRDA:7,0,0,0
BRDA:7,0,1,3
BRDA:10,1,0,1
BRDA:10,1,1,2
BRDA:11,2,0,1
BRDA:11,2,1,0
BRDA:15,3,0,1
BRDA:15,3,1,1
BRDA:25,4,0,1
BRDA:25,4,1,1
BRDA:28,5,0,1
BRDA:28,5,1,0
BRF:12
BRH:9
end_of_record
TN:
SF:src/server/routes/v2/register.js
FN:15,(anonymous_0)
FN:46,(anonymous_1)
FNF:2
FNH:2
FNDA:2,(anonymous_0)
FNDA:1,(anonymous_1)
DA:1,1
DA:2,1
DA:3,1
DA:4,1
DA:6,1
DA:15,1
DA:16,2
DA:22,2
DA:23,2
DA:25,2
DA:26,0
DA:30,0
DA:33,2
DA:34,0
DA:38,0
DA:41,2
DA:44,2
DA:45,2
DA:46,1
DA:49,2
DA:50,1
DA:56,1
DA:57,1
DA:59,1
DA:73,1
DA:76,1
DA:78,1
DA:89,1
DA:90,1
DA:92,1
DA:106,1
DA:108,0
DA:113,0
DA:117,1
LF:34
LH:28
BRDA:23,0,0,2
BRDA:23,0,1,0
BRDA:25,1,0,0
BRDA:25,1,1,2
BRDA:33,2,0,0
BRDA:33,2,1,2
BRDA:46,3,0,1
BRDA:46,3,1,1
BRDA:46,3,2,1
BRDA:49,4,0,1
BRDA:49,4,1,1
BRDA:52,5,0,1
BRDA:52,5,1,0
BRDA:53,6,0,1
BRDA:53,6,1,0
BRDA:66,7,0,1
BRDA:66,7,1,0
BRDA:66,7,2,0
BRDA:67,8,0,1
BRDA:67,8,1,0
BRDA:67,8,2,0
BRDA:81,9,0,1
BRDA:81,9,1,0
BRDA:83,10,0,1
BRDA:83,10,1,0
BRF:25
BRH:14
end_of_record
TN:
SF:src/server/routes/v2/stats.js
FN:7,buildEditionSummaries
FN:9,(anonymous_1)
FN:27,(anonymous_2)
FN:38,(anonymous_3)
FNF:4
FNH:4
FNDA:1,buildEditionSummaries
FNDA:2,(anonymous_1)
FNDA:1,(anonymous_2)
FNDA:2,(anonymous_3)
DA:1,1
DA:2,1
DA:3,1
DA:5,1
DA:8,1
DA:10,2
DA:11,2
DA:12,2
DA:14,2
DA:27,1
DA:28,1
DA:34,1
DA:35,1
DA:36,1
DA:38,2
DA:40,1
DA:59,1
DA:60,3
DA:61,3
DA:62,3
DA:63,3
DA:64,3
DA:65,3
DA:66,3
DA:68,3
DA:69,3
DA:70,3
DA:71,3
DA:73,3
DA:74,3
DA:75,2
DA:77,1
DA:80,3
DA:82,3
DA:83,3
DA:86,3
DA:87,3
DA:89,3
DA:90,3
DA:92,3
DA:96,1
DA:97,1
DA:101,1
DA:107,1
DA:110,1
LF:45
LH:45
BRDA:10,0,0,2
BRDA:10,0,1,0
BRDA:11,1,0,2
BRDA:11,1,1,0
BRDA:16,2,0,2
BRDA:16,2,1,0
BRDA:17,3,0,2
BRDA:17,3,1,0
BRDA:18,4,0,2
BRDA:18,4,1,2
BRDA:19,5,0,2
BRDA:19,5,1,2
BRDA:21,6,0,2
BRDA:21,6,1,0
BRDA:60,7,0,3
BRDA:60,7,1,1
BRDA:61,8,0,3
BRDA:61,8,1,1
BRDA:62,9,0,3
BRDA:62,9,1,1
BRDA:63,10,0,3
BRDA:63,10,1,1
BRDA:64,11,0,3
BRDA:64,11,1,2
BRDA:65,12,0,3
BRDA:65,12,1,2
BRDA:66,13,0,3
BRDA:66,13,1,0
BRDA:66,13,2,0
BRDA:68,14,0,1
BRDA:68,14,1,2
BRDA:69,15,0,0
BRDA:69,15,1,3
BRDA:70,16,0,1
BRDA:70,16,1,2
BRDA:71,17,0,0
BRDA:71,17,1,3
BRDA:73,18,0,0
BRDA:73,18,1,3
BRDA:73,19,0,3
BRDA:73,19,1,1
BRDA:74,20,0,2
BRDA:74,20,1,1
BRDA:74,21,0,3
BRDA:74,21,1,2
BRDA:80,22,0,0
BRDA:80,22,1,3
BRDA:82,23,0,3
BRDA:82,23,1,3
BRDA:84,24,0,3
BRDA:84,24,1,1
BRDA:86,25,0,3
BRDA:86,25,1,0
BRDA:87,26,0,3
BRDA:87,26,1,3
BRDA:89,27,0,3
BRDA:89,27,1,0
BRDA:90,28,0,3
BRDA:90,28,1,2
BRDA:93,29,0,3
BRDA:93,29,1,2
BRDA:96,30,0,1
BRDA:96,30,1,0
BRF:63
BRH:49
end_of_record
TN:
SF:src/server/utils/client.mongo.js
FN:4,buildUri
FN:50,getMucajeyDb
FN:59,getMucajeyDataDb
FNF:3
FNH:1
FNDA:2,buildUri
FNDA:0,getMucajeyDb
FNDA:0,getMucajeyDataDb
DA:1,1
DA:2,1
DA:5,2
DA:6,0
DA:9,2
DA:10,2
DA:12,2
DA:16,2
DA:19,1
DA:22,1
DA:35,1
DA:51,0
DA:52,0
DA:53,0
DA:54,0
DA:56,0
DA:60,0
DA:61,0
DA:62,0
DA:63,0
DA:65,0
DA:68,1
LF:22
LH:11
BRDA:5,0,0,0
BRDA:5,0,1,2
BRDA:5,1,0,2
BRDA:5,1,1,2
BRDA:5,1,2,2
BRDA:12,2,0,2
BRDA:12,2,1,0
BRDA:19,3,0,1
BRDA:19,3,1,0
BRDA:24,4,0,1
BRDA:24,4,1,1
BRDA:29,5,0,1
BRDA:29,5,1,0
BRDA:31,6,0,1
BRDA:31,6,1,0
BRDA:37,7,0,1
BRDA:37,7,1,1
BRDA:42,8,0,1
BRDA:42,8,1,0
BRDA:44,9,0,1
BRDA:44,9,1,0
BRDA:51,10,0,0
BRDA:51,10,1,0
BRDA:60,11,0,0
BRDA:60,11,1,0
BRF:25
BRH:14
end_of_record
TN:
SF:src/server/utils/result.js
FN:1,ensureField
FN:7,documentation
FN:18,message
FN:41,error
FNF:4
FNH:4
FNDA:33,ensureField
FNDA:17,documentation
FNDA:17,message
FNDA:3,error
DA:2,33
DA:3,2
DA:8,17
DA:9,16
DA:11,15
DA:19,17
DA:20,1
DA:22,16
DA:23,1
DA:26,15
DA:32,15
DA:33,14
DA:35,1
DA:38,15
DA:42,3
DA:43,1
DA:45,2
DA:46,1
DA:49,1
DA:56,6
LF:20
LH:20
BRDA:2,0,0,2
BRDA:2,0,1,31
BRDA:2,1,0,33
BRDA:2,1,1,33
BRDA:7,2,0,0
BRDA:14,3,0,15
BRDA:14,3,1,0
BRDA:18,4,0,0
BRDA:19,5,0,1
BRDA:19,5,1,16
BRDA:22,6,0,1
BRDA:22,6,1,15
BRDA:29,7,0,15
BRDA:29,7,1,14
BRDA:32,8,0,14
BRDA:32,8,1,1
BRDA:41,9,0,0
BRDA:42,10,0,1
BRDA:42,10,1,2
BRDA:45,11,0,1
BRDA:45,11,1,1
BRDA:52,12,0,1
BRDA:52,12,1,0
BRF:23
BRH:18
end_of_record
